Log file open, 10/28/18 23:43:46
LogWindows: Failed to load 'aqProf.dll' (GetLastError=126)
LogWindows: File 'aqProf.dll' does not exist
LogWindows: Failed to load 'VtuneApi.dll' (GetLastError=126)
LogWindows: File 'VtuneApi.dll' does not exist
LogWindows: Failed to load 'VtuneApi32e.dll' (GetLastError=126)
LogWindows: File 'VtuneApi32e.dll' does not exist
LogInit: Display: Running engine for game: DialogueSystem
LogPlatformFile: Not using cached read wrapper
LogInit: Display: RandInit(-247742334) SRandInit(-247742333).
LogInit: Read version file with build ID '3944462'
LogInit: Overriding engine version to CL 4033788, compatible CL 3944462
LogInit: Registered custom module enumerator with build ID '3944462'
LogTaskGraph: Started task graph with 5 named threads and 23 total threads with 3 sets of task threads.
LogStats: Stats thread started at 5.127168
LogD3D11RHI: Aftermath initialized
LogICUInternationalization: Display: ICU TimeZone Detection - Raw Offset: +0:00, Platform Override: ''
LogModuleManager: Display: Found up-to-date module file ../../../Engine/Plugins/2D/Paper2D/Binaries/Win64/UE4Editor-Paper2D.dll (API version 3944462).
LogModuleManager: Display: Found up-to-date module file ../../../Engine/Plugins/2D/Paper2D/Binaries/Win64/UE4Editor-Paper2DEditor.dll (API version 3944462).
LogModuleManager: Display: Found up-to-date module file ../../../Engine/Plugins/2D/Paper2D/Binaries/Win64/UE4Editor-PaperSpriteSheetImporter.dll (API version 3944462).
LogModuleManager: Display: Found up-to-date module file ../../../Engine/Plugins/2D/Paper2D/Binaries/Win64/UE4Editor-PaperTiledImporter.dll (API version 3944462).
LogModuleManager: Display: Found up-to-date module file ../../../Engine/Plugins/2D/Paper2D/Binaries/Win64/UE4Editor-SmartSnapping.dll (API version 3944462).
LogModuleManager: Display: Found up-to-date module file ../../../Engine/Plugins/Blendables/LightPropagationVolume/Binaries/Win64/UE4Editor-LightPropagationVolumeRuntime.dll (API version 3944462).
LogModuleManager: Display: Found up-to-date module file ../../../Engine/Plugins/Blendables/LightPropagationVolume/Binaries/Win64/UE4Editor-LightPropagationVolumeEditor.dll (API version 3944462).
LogModuleManager: Display: Found up-to-date module file ../../../Engine/Plugins/Developer/CLionSourceCodeAccess/Binaries/Win64/UE4Editor-CLionSourceCodeAccess.dll (API version 3944462).
LogModuleManager: Display: Found up-to-date module file ../../../Engine/Plugins/Developer/GitSourceControl/Binaries/Win64/UE4Editor-GitSourceControl.dll (API version 3944462).
LogModuleManager: Display: Found up-to-date module file ../../../Engine/Plugins/Developer/PerforceSourceControl/Binaries/Win64/UE4Editor-PerforceSourceControl.dll (API version 3944462).
LogModuleManager: Display: Found up-to-date module file ../../../Engine/Plugins/Developer/SubversionSourceControl/Binaries/Win64/UE4Editor-SubversionSourceControl.dll (API version 3944462).
LogModuleManager: Display: Found up-to-date module file ../../../Engine/Plugins/Developer/UObjectPlugin/Binaries/Win64/UE4Editor-UObjectPlugin.dll (API version 3944462).
LogModuleManager: Display: Found up-to-date module file ../../../Engine/Plugins/Developer/VisualStudioCodeSourceCodeAccess/Binaries/Win64/UE4Editor-VisualStudioCodeSourceCodeAccess.dll (API version 3944462).
LogModuleManager: Display: Found up-to-date module file ../../../Engine/Plugins/Developer/VisualStudioSourceCodeAccess/Binaries/Win64/UE4Editor-VisualStudioSourceCodeAccess.dll (API version 3944462).
LogModuleManager: Display: Found up-to-date module file ../../../Engine/Plugins/Editor/AssetManagerEditor/Binaries/Win64/UE4Editor-AssetManagerEditor.dll (API version 3944462).
LogModuleManager: Display: Found up-to-date module file ../../../Engine/Plugins/Editor/CryptoKeys/Binaries/Win64/UE4Editor-CryptoKeys.dll (API version 3944462).
LogModuleManager: Display: Found up-to-date module file ../../../Engine/Plugins/Editor/CryptoKeys/Binaries/Win64/UE4Editor-CryptoKeysOpenSSL.dll (API version 3944462).
LogModuleManager: Display: Found up-to-date module file ../../../Engine/Plugins/Editor/DataValidation/Binaries/Win64/UE4Editor-DataValidation.dll (API version 3944462).
LogModuleManager: Display: Found up-to-date module file ../../../Engine/Plugins/Editor/FacialAnimation/Binaries/Win64/UE4Editor-FacialAnimation.dll (API version 3944462).
LogModuleManager: Display: Found up-to-date module file ../../../Engine/Plugins/Editor/FacialAnimation/Binaries/Win64/UE4Editor-FacialAnimationEditor.dll (API version 3944462).
LogModuleManager: Display: Found up-to-date module file ../../../Engine/Plugins/Editor/GameplayTagsEditor/Binaries/Win64/UE4Editor-GameplayTagsEditor.dll (API version 3944462).
LogModuleManager: Display: Found up-to-date module file ../../../Engine/Plugins/Editor/MobileLauncherProfileWizard/Binaries/Win64/UE4Editor-MobileLauncherProfileWizard.dll (API version 3944462).
LogModuleManager: Display: Found up-to-date module file ../../../Engine/Plugins/Editor/PluginBrowser/Binaries/Win64/UE4Editor-PluginBrowser.dll (API version 3944462).
LogModuleManager: Display: Found up-to-date module file ../../../Engine/Plugins/Editor/SpeedTreeImporter/Binaries/Win64/UE4Editor-SpeedTreeImporter.dll (API version 3944462).
LogModuleManager: Display: Found up-to-date module file ../../../Engine/Plugins/Enterprise/DatasmithContent/Binaries/Win64/UE4Editor-DatasmithContent.dll (API version 3944462).
LogModuleManager: Display: Found up-to-date module file ../../../Engine/Plugins/Experimental/AlembicImporter/Binaries/Win64/UE4Editor-AlembicImporter.dll (API version 3944462).
LogModuleManager: Display: Found up-to-date module file ../../../Engine/Plugins/Experimental/AlembicImporter/Binaries/Win64/UE4Editor-AlembicLibrary.dll (API version 3944462).
LogModuleManager: Display: Found up-to-date module file ../../../Engine/Plugins/Experimental/CharacterAI/Binaries/Win64/UE4Editor-CharacterAI.dll (API version 3944462).
LogModuleManager: Display: Found up-to-date module file ../../../Engine/Plugins/Experimental/HTML5Networking/Binaries/Win64/UE4Editor-HTML5Networking.dll (API version 3944462).
LogModuleManager: Display: Found up-to-date module file ../../../Engine/Plugins/Media/AndroidMedia/Binaries/Win64/UE4Editor-AndroidMediaEditor.dll (API version 3944462).
LogModuleManager: Display: Found up-to-date module file ../../../Engine/Plugins/Media/AndroidMedia/Binaries/Win64/UE4Editor-AndroidMediaFactory.dll (API version 3944462).
LogModuleManager: Display: Found up-to-date module file ../../../Engine/Plugins/Media/AvfMedia/Binaries/Win64/UE4Editor-AvfMediaEditor.dll (API version 3944462).
LogModuleManager: Display: Found up-to-date module file ../../../Engine/Plugins/Media/AvfMedia/Binaries/Win64/UE4Editor-AvfMediaFactory.dll (API version 3944462).
LogModuleManager: Display: Found up-to-date module file ../../../Engine/Plugins/Media/AvfMedia/Binaries/Win64/UE4Editor-AvfMediaFactory.dll (API version 3944462).
LogModuleManager: Display: Found up-to-date module file ../../../Engine/Plugins/Media/ImgMedia/Binaries/Win64/UE4Editor-ImgMedia.dll (API version 3944462).
LogModuleManager: Display: Found up-to-date module file ../../../Engine/Plugins/Media/ImgMedia/Binaries/Win64/UE4Editor-ImgMediaEditor.dll (API version 3944462).
LogModuleManager: Display: Found up-to-date module file ../../../Engine/Plugins/Media/ImgMedia/Binaries/Win64/UE4Editor-ImgMediaFactory.dll (API version 3944462).
LogModuleManager: Display: Found up-to-date module file ../../../Engine/Plugins/Media/ImgMedia/Binaries/Win64/UE4Editor-ImgMediaFactory.dll (API version 3944462).
LogModuleManager: Display: Found up-to-date module file ../../../Engine/Plugins/Media/ImgMedia/Binaries/Win64/UE4Editor-OpenExrWrapper.dll (API version 3944462).
LogModuleManager: Display: Found up-to-date module file ../../../Engine/Plugins/Media/LinearTimecode/Binaries/Win64/UE4Editor-LinearTimecode.dll (API version 3944462).
LogModuleManager: Display: Found up-to-date module file ../../../Engine/Plugins/Media/MediaCompositing/Binaries/Win64/UE4Editor-MediaCompositing.dll (API version 3944462).
LogModuleManager: Display: Found up-to-date module file ../../../Engine/Plugins/Media/MediaCompositing/Binaries/Win64/UE4Editor-MediaCompositingEditor.dll (API version 3944462).
LogModuleManager: Display: Found up-to-date module file ../../../Engine/Plugins/Media/MediaPlayerEditor/Binaries/Win64/UE4Editor-MediaPlayerEditor.dll (API version 3944462).
LogModuleManager: Display: Found up-to-date module file ../../../Engine/Plugins/Media/WmfMedia/Binaries/Win64/UE4Editor-WmfMedia.dll (API version 3944462).
LogModuleManager: Display: Found up-to-date module file ../../../Engine/Plugins/Media/WmfMedia/Binaries/Win64/UE4Editor-WmfMediaEditor.dll (API version 3944462).
LogModuleManager: Display: Found up-to-date module file ../../../Engine/Plugins/Media/WmfMedia/Binaries/Win64/UE4Editor-WmfMediaFactory.dll (API version 3944462).
LogModuleManager: Display: Found up-to-date module file ../../../Engine/Plugins/Media/WmfMedia/Binaries/Win64/UE4Editor-WmfMediaFactory.dll (API version 3944462).
LogModuleManager: Display: Found up-to-date module file ../../../Engine/Plugins/Messaging/TcpMessaging/Binaries/Win64/UE4Editor-TcpMessaging.dll (API version 3944462).
LogModuleManager: Display: Found up-to-date module file ../../../Engine/Plugins/Messaging/UdpMessaging/Binaries/Win64/UE4Editor-UdpMessaging.dll (API version 3944462).
LogModuleManager: Display: Found up-to-date module file ../../../Engine/Plugins/MovieScene/ActorSequence/Binaries/Win64/UE4Editor-ActorSequence.dll (API version 3944462).
LogModuleManager: Display: Found up-to-date module file ../../../Engine/Plugins/MovieScene/LevelSequenceEditor/Binaries/Win64/UE4Editor-LevelSequenceEditor.dll (API version 3944462).
LogModuleManager: Display: Found up-to-date module file ../../../Engine/Plugins/MovieScene/MatineeToLevelSequence/Binaries/Win64/UE4Editor-MatineeToLevelSequence.dll (API version 3944462).
LogModuleManager: Display: Found up-to-date module file ../../../Engine/Plugins/NetcodeUnitTest/NetcodeUnitTest/Binaries/Win64/UE4Editor-NetcodeUnitTest.dll (API version 3944462).
LogModuleManager: Display: Found up-to-date module file ../../../Engine/Plugins/NetcodeUnitTest/NUTUnrealEngine4/Binaries/Win64/UE4Editor-NUTUnrealEngine4.dll (API version 3944462).
LogModuleManager: Display: Found up-to-date module file ../../../Engine/Plugins/Online/OnlineSubsystem/Binaries/Win64/UE4Editor-OnlineSubsystem.dll (API version 3944462).
LogModuleManager: Display: Found up-to-date module file ../../../Engine/Plugins/Runtime/AndroidPermission/Binaries/Win64/UE4Editor-AndroidPermission.dll (API version 3944462).
LogModuleManager: Display: Found up-to-date module file ../../../Engine/Plugins/Online/OnlineSubsystemNull/Binaries/Win64/UE4Editor-OnlineSubsystemNull.dll (API version 3944462).
LogModuleManager: Display: Found up-to-date module file ../../../Engine/Plugins/Online/OnlineSubsystemUtils/Binaries/Win64/UE4Editor-OnlineSubsystemUtils.dll (API version 3944462).
LogModuleManager: Display: Found up-to-date module file ../../../Engine/Plugins/Online/OnlineSubsystemUtils/Binaries/Win64/UE4Editor-OnlineBlueprintSupport.dll (API version 3944462).
LogModuleManager: Display: Found up-to-date module file ../../../Engine/Plugins/Runtime/AndroidDeviceProfileSelector/Binaries/Win64/UE4Editor-AndroidDeviceProfileSelector.dll (API version 3944462).
LogModuleManager: Display: Found up-to-date module file ../../../Engine/Plugins/Runtime/AppleARKit/Binaries/Win64/UE4Editor-AppleARKit.dll (API version 3944462).
LogModuleManager: Display: Found up-to-date module file ../../../Engine/Plugins/Runtime/ProceduralMeshComponent/Binaries/Win64/UE4Editor-ProceduralMeshComponent.dll (API version 3944462).
LogModuleManager: Display: Found up-to-date module file ../../../Engine/Plugins/Runtime/ProceduralMeshComponent/Binaries/Win64/UE4Editor-ProceduralMeshComponentEditor.dll (API version 3944462).
LogModuleManager: Display: Found up-to-date module file ../../../Engine/Plugins/Animation/LiveLink/Binaries/Win64/UE4Editor-LiveLink.dll (API version 3944462).
LogModuleManager: Display: Found up-to-date module file ../../../Engine/Plugins/Animation/LiveLink/Binaries/Win64/UE4Editor-LiveLinkEditor.dll (API version 3944462).
LogModuleManager: Display: Found up-to-date module file ../../../Engine/Plugins/Runtime/ArchVisCharacter/Binaries/Win64/UE4Editor-ArchVisCharacter.dll (API version 3944462).
LogModuleManager: Display: Found up-to-date module file ../../../Engine/Plugins/Runtime/AudioCapture/Binaries/Win64/UE4Editor-AudioCapture.dll (API version 3944462).
LogModuleManager: Display: Found up-to-date module file ../../../Engine/Plugins/Runtime/AudioCapture/Binaries/Win64/UE4Editor-AudioCaptureEditor.dll (API version 3944462).
LogModuleManager: Display: Found up-to-date module file ../../../Engine/Plugins/Runtime/CableComponent/Binaries/Win64/UE4Editor-CableComponent.dll (API version 3944462).
LogModuleManager: Display: Found up-to-date module file ../../../Engine/Plugins/Runtime/CustomMeshComponent/Binaries/Win64/UE4Editor-CustomMeshComponent.dll (API version 3944462).
LogModuleManager: Display: Found up-to-date module file ../../../Engine/Plugins/Runtime/ExampleDeviceProfileSelector/Binaries/Win64/UE4Editor-ExampleDeviceProfileSelector.dll (API version 3944462).
LogModuleManager: Display: Found up-to-date module file ../../../Engine/Plugins/Runtime/ImmediatePhysics/Binaries/Win64/UE4Editor-ImmediatePhysics.dll (API version 3944462).
LogModuleManager: Display: Found up-to-date module file ../../../Engine/Plugins/Runtime/ImmediatePhysics/Binaries/Win64/UE4Editor-ImmediatePhysicsEditor.dll (API version 3944462).
LogModuleManager: Display: Found up-to-date module file ../../../Engine/Plugins/Runtime/LocationServicesBPLibrary/Binaries/Win64/UE4Editor-LocationServicesBPLibrary.dll (API version 3944462).
LogModuleManager: Display: Found up-to-date module file ../../../Engine/Plugins/Runtime/MobilePatchingUtils/Binaries/Win64/UE4Editor-MobilePatchingUtils.dll (API version 3944462).
LogModuleManager: Display: Found up-to-date module file ../../../Engine/Plugins/Runtime/Oculus/OculusVR/Binaries/Win64/UE4Editor-OculusHMD.dll (API version 3944462).
LogModuleManager: Display: Found up-to-date module file ../../../Engine/Plugins/Runtime/Oculus/OculusVR/Binaries/Win64/UE4Editor-OculusInput.dll (API version 3944462).
LogModuleManager: Display: Found up-to-date module file ../../../Engine/Plugins/Runtime/Oculus/OculusVR/Binaries/Win64/UE4Editor-OculusEditor.dll (API version 3944462).
LogModuleManager: Display: Found up-to-date module file ../../../Engine/Plugins/Runtime/PhysXVehicles/Binaries/Win64/UE4Editor-PhysXVehicles.dll (API version 3944462).
LogModuleManager: Display: Found up-to-date module file ../../../Engine/Plugins/Runtime/PhysXVehicles/Binaries/Win64/UE4Editor-PhysXVehiclesEditor.dll (API version 3944462).
LogModuleManager: Display: Found up-to-date module file ../../../Engine/Plugins/Runtime/RuntimePhysXCooking/Binaries/Win64/UE4Editor-RuntimePhysXCooking.dll (API version 3944462).
LogModuleManager: Display: Found up-to-date module file ../../../Engine/Plugins/Runtime/Steam/SteamVR/Binaries/Win64/UE4Editor-SteamVR.dll (API version 3944462).
LogModuleManager: Display: Found up-to-date module file ../../../Engine/Plugins/Runtime/Steam/SteamVR/Binaries/Win64/UE4Editor-SteamVRController.dll (API version 3944462).
LogModuleManager: Display: Found up-to-date module file ../../../Engine/Plugins/Runtime/WindowsMoviePlayer/Binaries/Win64/UE4Editor-WindowsMoviePlayer.dll (API version 3944462).
LogPluginManager: Mounting plugin Paper2D
LogPluginManager: Mounting plugin LiveLink
LogPluginManager: Mounting plugin LightPropagationVolume
LogPluginManager: Mounting plugin CLionSourceCodeAccess
LogPluginManager: Mounting plugin CodeLiteSourceCodeAccess
LogPluginManager: Mounting plugin GitSourceControl
LogPluginManager: Mounting plugin KDevelopSourceCodeAccess
LogPluginManager: Mounting plugin NullSourceCodeAccess
LogPluginManager: Mounting plugin PerforceSourceControl
LogPluginManager: Mounting plugin SubversionSourceControl
LogPluginManager: Mounting plugin UObjectPlugin
LogPluginManager: Mounting plugin VisualStudioCodeSourceCodeAccess
LogPluginManager: Mounting plugin VisualStudioSourceCodeAccess
LogPluginManager: Mounting plugin XCodeSourceCodeAccess
LogPluginManager: Mounting plugin AssetManagerEditor
LogPluginManager: Mounting plugin CryptoKeys
LogPluginManager: Mounting plugin DataValidation
LogPluginManager: Mounting plugin FacialAnimation
LogPluginManager: Mounting plugin GameplayTagsEditor
LogPluginManager: Mounting plugin MobileLauncherProfileWizard
LogPluginManager: Mounting plugin PluginBrowser
LogPluginManager: Mounting plugin SpeedTreeImporter
LogPluginManager: Mounting plugin DatasmithContent
LogPluginManager: Mounting plugin AlembicImporter
LogPluginManager: Mounting plugin CharacterAI
LogPluginManager: Mounting plugin HTML5Networking
LogPluginManager: Mounting plugin AndroidMedia
LogPluginManager: Mounting plugin AvfMedia
LogPluginManager: Mounting plugin ImgMedia
LogPluginManager: Mounting plugin LinearTimecode
LogPluginManager: Mounting plugin MediaCompositing
LogPluginManager: Mounting plugin MediaPlayerEditor
LogPluginManager: Mounting plugin WmfMedia
LogPluginManager: Mounting plugin TcpMessaging
LogPluginManager: Mounting plugin UdpMessaging
LogPluginManager: Mounting plugin ActorSequence
LogPluginManager: Mounting plugin LevelSequenceEditor
LogPluginManager: Mounting plugin MatineeToLevelSequence
LogPluginManager: Mounting plugin NetcodeUnitTest
LogPluginManager: Mounting plugin NUTUnrealEngine4
LogPluginManager: Mounting plugin OnlineSubsystemGooglePlay
LogPluginManager: Mounting plugin OnlineSubsystemIOS
LogPluginManager: Mounting plugin OnlineSubsystem
LogPluginManager: Mounting plugin OnlineSubsystemNull
LogPluginManager: Mounting plugin OnlineSubsystemUtils
LogPluginManager: Mounting plugin AndroidDeviceProfileSelector
LogPluginManager: Mounting plugin AndroidMoviePlayer
LogPluginManager: Mounting plugin AndroidPermission
LogPluginManager: Mounting plugin AppleARKit
LogPluginManager: Mounting plugin AppleMoviePlayer
LogPluginManager: Mounting plugin ArchVisCharacter
LogPluginManager: Mounting plugin AudioCapture
LogPluginManager: Mounting plugin CableComponent
LogPluginManager: Mounting plugin CustomMeshComponent
LogPluginManager: Mounting plugin ExampleDeviceProfileSelector
LogPluginManager: Mounting plugin GoogleCloudMessaging
LogPluginManager: Mounting plugin ImmediatePhysics
LogPluginManager: Mounting plugin IOSDeviceProfileSelector
LogPluginManager: Mounting plugin LinuxDeviceProfileSelector
LogPluginManager: Mounting plugin LocationServicesBPLibrary
LogPluginManager: Mounting plugin MobilePatchingUtils
LogPluginManager: Mounting plugin OculusVR
LogPluginManager: Plugin shader directory ../../../Engine/Plugins/Runtime/Oculus/OculusVR/Shaders found
LogPluginManager: Mapping shader source directory ../../../Engine/Plugins/Runtime/Oculus/OculusVR/Shaders to virtual directory /Plugin/OculusVR
LogPluginManager: Mounting plugin PhysXVehicles
LogPluginManager: Mounting plugin ProceduralMeshComponent
LogPluginManager: Mounting plugin RuntimePhysXCooking
LogPluginManager: Mounting plugin SteamVR
LogPluginManager: Mounting plugin WindowsMoviePlayer
LogStreaming: Display: Took  3.325s to configure plugins.
LogInit: Using libcurl 7.47.1
LogInit:  - built for x86_64-pc-win32
LogInit:  - supports SSL with OpenSSL/1.0.2g
LogInit:  - supports HTTP deflate (compression) using libz 1.2.8
LogInit:  - other features:
LogInit:      CURL_VERSION_SSL
LogInit:      CURL_VERSION_LIBZ
LogInit:      CURL_VERSION_IPV6
LogInit:      CURL_VERSION_ASYNCHDNS
LogInit:      CURL_VERSION_LARGEFILE
LogInit:      CURL_VERSION_IDN
LogInit:  CurlRequestOptions (configurable via config and command line):
LogInit:  - bVerifyPeer = false  - Libcurl will NOT verify peer certificate
LogInit:  - bUseHttpProxy = false  - Libcurl will NOT use HTTP proxy
LogInit:  - bDontReuseConnections = false  - Libcurl will reuse connections
LogInit:  - CertBundlePath = nullptr  - Libcurl will use whatever was configured at build time.
LogInit:  - MaxHostConnections = 16  - Libcurl will limit the number of connections to a host
LogInit:  - LocalHostAddr = Default
LogInit: WinSock: version 1.1 (2.2), MaxSocks=32767, MaxUdp=65467
LogInit: WinSock: I am PlatyPC (192.168.1.32:0)
LogInit: Build: ++UE4+Release-4.19-CL-4033788
LogInit: Engine Version: 4.19.2-4033788+++UE4+Release-4.19
LogInit: Compatible Engine Version: 4.19.0-3944462+++UE4+Release-4.19
LogInit: Net CL: 3944462
LogDevObjectVersion: Number of dev versions registered: 18
LogDevObjectVersion:   Dev-Blueprints (B0D832E4-1F89-4F0D-ACCF-7EB736FD4AA2): 10
LogDevObjectVersion:   Dev-Build (E1C64328-A22C-4D53-A36C-8E866417BD8C): 0
LogDevObjectVersion:   Dev-Core (375EC13C-06E4-48FB-B500-84F0262A717E): 2
LogDevObjectVersion:   Dev-Editor (E4B068ED-F494-42E9-A231-DA0B2E46BB41): 23
LogDevObjectVersion:   Dev-Framework (CFFC743F-43B0-4480-9391-14DF171D2073): 33
LogDevObjectVersion:   Dev-Mobile (B02B49B5-BB20-44E9-A304-32B752E40360): 2
LogDevObjectVersion:   Dev-Networking (A4E4105C-59A1-49B5-A7C5-40C4547EDFEE): 0
LogDevObjectVersion:   Dev-Online (39C831C9-5AE6-47DC-9A44-9C173E1C8E7C): 0
LogDevObjectVersion:   Dev-Physics (78F01B33-EBEA-4F98-B9B4-84EACCB95AA2): 0
LogDevObjectVersion:   Dev-Platform (6631380F-2D4D-43E0-8009-CF276956A95A): 0
LogDevObjectVersion:   Dev-Rendering (12F88B9F-8875-4AFC-A67C-D90C383ABD29): 25
LogDevObjectVersion:   Dev-Sequencer (7B5AE74C-D270-4C10-A958-57980B212A5A): 6
LogDevObjectVersion:   Dev-VR (D7296918-1DD6-4BDD-9DE2-64A83CC13884): 1
LogDevObjectVersion:   Dev-LoadTimes (C2A15278-BFE7-4AFE-6C17-90FF531DF755): 1
LogDevObjectVersion:   Private-Geometry (6EACA3D4-40EC-4CC1-B786-8BED09428FC5): 2
LogDevObjectVersion:   Dev-AnimPhys (29E575DD-E0A3-4627-9D10-D276232CDCEA): 16
LogDevObjectVersion:   Dev-ReflectionCapture (6B266CEC-1EC7-4B8F-A30B-E4D90942FC07): 1
LogDevObjectVersion:   Dev-Automation (0DF73D61-A23F-47EA-B727-89E90C41499A): 1
LogInit: Compiled (64-bit): Apr 27 2018 02:06:57
LogInit: Compiled with Visual C++: 19.00.24215.01
LogInit: Build Configuration: Development
LogInit: Branch Name: ++UE4+Release-4.19
LogInit: Command Line:  
LogInit: Base Directory: E:/Jogos/Epic Games/UE_4.19/Engine/Binaries/Win64/
LogInit: Installed Engine Build: 1
LogStreaming: Display: Took  0.000s to delete old logs.
LogInit: Presizing for max 8388607 objects, including 0 objects not considered by GC, pre-allocating 0 bytes for permanent pool.
LogInit: Object subsystem initialized
[2018.10.28-23.43.51:620][  0]LogInit: Selected Device Profile: [Windows]
[2018.10.28-23.43.51:620][  0]LogInit: Applying CVar settings loaded from the selected device profile: [Windows]
[2018.10.28-23.43.51:737][  0]LogInit: Computer: PLATYPC
[2018.10.28-23.43.51:737][  0]LogInit: User: joaod
[2018.10.28-23.43.51:737][  0]LogInit: CPU Page size=4096, Cores=4
[2018.10.28-23.43.51:737][  0]LogInit: High frequency timer resolution =3.919378 MHz
[2018.10.28-23.43.51:738][  0]LogMemory: Memory total: Physical=7.9GB (8GB approx)
[2018.10.28-23.43.51:738][  0]LogMemory: Platform Memory Stats for Windows
[2018.10.28-23.43.51:738][  0]LogMemory: Process Physical Memory: 275.19 MB used, 275.19 MB peak
[2018.10.28-23.43.51:738][  0]LogMemory: Process Virtual Memory: 264.75 MB used, 264.75 MB peak
[2018.10.28-23.43.51:738][  0]LogMemory: Physical Memory: 4616.96 MB used,  3475.35 MB free, 8092.31 MB total
[2018.10.28-23.43.51:738][  0]LogMemory: Virtual Memory: 4795.26 MB used,  3475.35 MB free, 134217728.00 MB total
[2018.10.28-23.43.52:682][  0]LogInit: Using OS detected language (pt-PT).
[2018.10.28-23.43.52:682][  0]LogInit: Using OS detected locale (pt-PT).
[2018.10.28-23.43.52:993][  0]LogTextLocalizationManager: No localization for 'pt-PT' exists, so 'en' will be used for the language.
[2018.10.28-23.43.54:008][  0]LogStreaming: Display: Took  1.362s to EndInitTextLocalization.
[2018.10.28-23.43.54:035][  0]LogInit: Setting process to per monitor DPI aware
[2018.10.28-23.43.55:051][  0]LogSlate: New Slate User Created.  User Index 0, Is Virtual User: 0
[2018.10.28-23.43.55:051][  0]LogSlate: Slate User Registered.  User Index 0, Is Virtual User: 0
[2018.10.28-23.43.56:300][  0]LogD3D11RHI: D3D11 adapters:
[2018.10.28-23.43.56:468][  0]LogD3D11RHI:    0. 'NVIDIA GeForce GT 740' (Feature Level 11_0)
[2018.10.28-23.43.56:469][  0]LogD3D11RHI:       2007/0/4046 MB DedicatedVideo/DedicatedSystem/SharedSystem, Outputs:1, VendorId:0x10de
[2018.10.28-23.43.56:471][  0]LogD3D11RHI:    1. 'Microsoft Basic Render Driver' (Feature Level 11_0)
[2018.10.28-23.43.56:471][  0]LogD3D11RHI:       0/0/4046 MB DedicatedVideo/DedicatedSystem/SharedSystem, Outputs:0, VendorId:0x1414
[2018.10.28-23.43.56:471][  0]LogD3D11RHI: Chosen D3D11 Adapter: 0
[2018.10.28-23.43.56:500][  0]LogD3D11RHI: Creating new Direct3DDevice
[2018.10.28-23.43.56:500][  0]LogD3D11RHI:     GPU DeviceId: 0xfc8 (for the marketing name, search the web for "GPU Device Id")
[2018.10.28-23.43.56:500][  0]LogWindows: EnumDisplayDevices:
[2018.10.28-23.43.56:500][  0]LogWindows:    0. 'NVIDIA GeForce GT 740' (P:1 D:1)
[2018.10.28-23.43.56:501][  0]LogWindows:    1. 'NVIDIA GeForce GT 740' (P:0 D:0)
[2018.10.28-23.43.56:501][  0]LogWindows:    2. 'NVIDIA GeForce GT 740' (P:0 D:0)
[2018.10.28-23.43.56:501][  0]LogWindows:    3. 'NVIDIA GeForce GT 740' (P:0 D:0)
[2018.10.28-23.43.56:501][  0]LogWindows: DebugString: GetVideoDriverDetailsInvalid PrimaryIsNotTheChoosenAdapter GetVideoDriverDetailsInvalid PrimaryIsNotTheChoosenAdapter GetVideoDriverDetailsInvalid PrimaryIsNotTheChoosenAdapter GetVideoDriverDetailsInvalid PrimaryIsNotTheChoosenAdapter FoundDriverCount:0 
[2018.10.28-23.43.56:501][  0]LogD3D11RHI:     Adapter Name: NVIDIA GeForce GT 740
[2018.10.28-23.43.56:501][  0]LogD3D11RHI:   Driver Version: Unknown (internal:Unknown, unified:Unknown)
[2018.10.28-23.43.56:501][  0]LogD3D11RHI:      Driver Date: Unknown
[2018.10.28-23.43.56:501][  0]LogRHI: Texture pool is 1404 MB (70% of 2007 MB)
[2018.10.28-23.43.56:605][  0]LogD3D11RHI: [Aftermath] Aftermath enabled and primed
[2018.10.28-23.43.56:605][  0]LogD3D11RHI: [Aftermath] Aftermath enabled and primed
[2018.10.28-23.43.56:605][  0]LogD3D11RHI: Async texture creation enabled
[2018.10.28-23.43.56:876][  0]LogD3D11RHI: GPU Timing Frequency: 1000.000000 (Debug: 2 2)
[2018.10.28-23.43.57:007][  0]LogShaderCompilers: Guid format shader working directory is -18 characters bigger than the processId version (../../../../../../Work/light_dark_experiment/Dialogue_basedgame/Intermediate/Shaders/WorkingDirectory/16780/).
[2018.10.28-23.43.57:010][  0]LogShaderCompilers: Cleaned the shader compiler working directory 'C:/Users/joaod/AppData/Local/Temp/UnrealShaderWorkingDir/C2DED2A9414D83AE16B4CA9D5DCB33AB/'.
[2018.10.28-23.43.59:186][  0]LogTemp: Display: Loaded TP AllDesktopTargetPlatform
[2018.10.28-23.43.59:206][  0]LogTemp: Display: Loaded TP MacClientTargetPlatform
[2018.10.28-23.43.59:226][  0]LogTemp: Display: Loaded TP MacNoEditorTargetPlatform
[2018.10.28-23.43.59:247][  0]LogTemp: Display: Loaded TP MacServerTargetPlatform
[2018.10.28-23.43.59:290][  0]LogTemp: Display: Loaded TP MacTargetPlatform
[2018.10.28-23.43.59:311][  0]LogTemp: Display: Loaded TP WindowsClientTargetPlatform
[2018.10.28-23.43.59:332][  0]LogTemp: Display: Loaded TP WindowsNoEditorTargetPlatform
[2018.10.28-23.43.59:355][  0]LogTemp: Display: Loaded TP WindowsServerTargetPlatform
[2018.10.28-23.43.59:381][  0]LogTemp: Display: Loaded TP WindowsTargetPlatform
[2018.10.28-23.43.59:402][  0]LogTemp: Display: Loaded TP Android_ASTCTargetPlatform
[2018.10.28-23.43.59:422][  0]LogTemp: Display: Loaded TP Android_ATCTargetPlatform
[2018.10.28-23.43.59:441][  0]LogTemp: Display: Loaded TP Android_DXTTargetPlatform
[2018.10.28-23.43.59:461][  0]LogTemp: Display: Loaded TP Android_ETC1aTargetPlatform
[2018.10.28-23.43.59:480][  0]LogTemp: Display: Loaded TP Android_ETC1TargetPlatform
[2018.10.28-23.43.59:499][  0]LogTemp: Display: Loaded TP Android_ETC2TargetPlatform
[2018.10.28-23.43.59:540][  0]LogTemp: Display: Loaded TP Android_MultiTargetPlatform
[2018.10.28-23.43.59:540][  0]LogTemp: Display: Loaded TP Android_PVRTCTargetPlatform
[2018.10.28-23.43.59:589][  0]LogTemp: Display: Loaded TP AndroidTargetPlatform
[2018.10.28-23.43.59:591][  0]LogTemp: Display: Loaded TP HTML5TargetPlatform
[2018.10.28-23.43.59:710][  0]LogTemp: Display: Loaded TP IOSTargetPlatform
[2018.10.28-23.43.59:729][  0]LogTemp: Display: Loaded TP TVOSTargetPlatform
[2018.10.28-23.43.59:748][  0]LogTemp: Display: Loaded TP LinuxClientTargetPlatform
[2018.10.28-23.43.59:769][  0]LogTemp: Display: Loaded TP LinuxNoEditorTargetPlatform
[2018.10.28-23.43.59:789][  0]LogTemp: Display: Loaded TP LinuxServerTargetPlatform
[2018.10.28-23.43.59:810][  0]LogTemp: Display: Loaded TP LinuxTargetPlatform
[2018.10.28-23.43.59:811][  0]LogTargetPlatformManager: Display: Building Assets For Windows
[2018.10.28-23.44.00:644][  0]LogXGEController: Cleaning working directory: C:/Users/joaod/AppData/Local/Temp/UnrealXGEWorkingDir/
[2018.10.28-23.44.00:644][  0]LogXGEController: Cannot use XGE Controller as Incredibuild is not installed on this machine.
[2018.10.28-23.44.00:674][  0]LogShaderCompilers: Cannot use XGE Shader Compiler as Incredibuild is not installed on this machine.
[2018.10.28-23.44.00:674][  0]LogShaderCompilers: Display: Using Local Shader Compiler.
[2018.10.28-23.44.03:396][  0]LogDerivedDataCache: Display: Max Cache Size: 512 MB
[2018.10.28-23.44.04:101][  0]LogDerivedDataCache: Loaded boot cache 0.69s 74MB C:/Users/joaod/AppData/Local/UnrealEngine/4.19/DerivedDataCache/Boot.ddc.
[2018.10.28-23.44.04:102][  0]LogDerivedDataCache: Display: Loaded Boot cache: C:/Users/joaod/AppData/Local/UnrealEngine/4.19/DerivedDataCache/Boot.ddc
[2018.10.28-23.44.04:102][  0]LogDerivedDataCache: FDerivedDataBackendGraph:  Pak pak cache file ../../../../../../Work/light_dark_experiment/Dialogue_basedgame/DerivedDataCache/DDC.ddp not found, will not use a pak cache.
[2018.10.28-23.44.04:102][  0]LogDerivedDataCache: Unable to find inner node Pak for hierarchical cache Hierarchy.
[2018.10.28-23.44.04:102][  0]LogDerivedDataCache: FDerivedDataBackendGraph:  CompressedPak pak cache file ../../../../../../Work/light_dark_experiment/Dialogue_basedgame/DerivedDataCache/Compressed.ddp not found, will not use a pak cache.
[2018.10.28-23.44.04:102][  0]LogDerivedDataCache: Unable to find inner node CompressedPak for hierarchical cache Hierarchy.
[2018.10.28-23.44.04:186][  0]LogDerivedDataCache: Display: Pak cache opened for reading ../../../Engine/DerivedDataCache/Compressed.ddp.
[2018.10.28-23.44.04:231][  0]LogDerivedDataCache: Using Local data cache path C:/Users/joaod/AppData/Local/UnrealEngine/Common/DerivedDataCache: Writable
[2018.10.28-23.44.04:231][  0]LogDerivedDataCache: Shared data cache path not found in *engine.ini, will not use an Shared cache.
[2018.10.28-23.44.04:231][  0]LogDerivedDataCache: Unable to find inner node Shared for hierarchical cache Hierarchy.
[2018.10.28-23.44.04:323][  0]LogMaterial: Verifying Global Shaders for PCD3D_SM5
[2018.10.28-23.44.04:421][  0]LogSlate: Using Freetype 2.6.0
[2018.10.28-23.44.04:590][  0]LogSlate: SlateFontCache - WITH_FREETYPE: 1, WITH_HARFBUZZ: 1
[2018.10.28-23.44.04:590][  0]LogSlate: SlateFontCache - WITH_FREETYPE: 1, WITH_HARFBUZZ: 1
[2018.10.28-23.44.10:629][  0]LogAssetRegistry: FAssetRegistry took 0.0362 seconds to start up
[2018.10.28-23.44.34:169][  0]LogInit: Selected Device Profile: [Windows]
[2018.10.28-23.44.44:903][  0]LogSimplygon: Simplygon DLL not present - disabling.
[2018.10.28-23.44.45:228][  0]LogMeshReduction: Using SimplygonSwarm for distributed automatic mesh merging
[2018.10.28-23.44.45:311][  0]LogMeshReduction: Using QuadricMeshReduction for automatic static mesh reduction
[2018.10.28-23.44.45:311][  0]LogMeshReduction: No automatic skeletal mesh reduction module available
[2018.10.28-23.44.45:311][  0]LogMeshReduction: No automatic mesh merging module available
[2018.10.28-23.44.45:311][  0]LogMeshMerging: No automatic mesh merging module available
[2018.10.28-23.44.50:633][  0]LogNetVersion: DialogueSystem , NetCL: 3944462, EngineNetVer: 2, GameNetVer: 0 (Checksum: 3152236143)
[2018.10.28-23.45.04:089][  0]LogPackageLocalizationCache: Processed 9 localized package path(s) for 1 prioritized culture(s) in 0.142008 seconds
[2018.10.28-23.45.04:132][  0]LogUObjectArray: 36728 objects as part of root set at end of initial load.
[2018.10.28-23.45.04:132][  0]LogUObjectAllocator: 7314312 out of 0 bytes used by permanent object pool.
[2018.10.28-23.45.04:132][  0]LogUObjectArray: CloseDisregardForGC: 0/0 objects in disregard for GC pool
[2018.10.28-23.46.04:801][  0]LogTcpMessaging: Initializing TcpMessaging bridge
[2018.10.28-23.46.04:902][  0]LogUdpMessaging: Initializing bridge on interface 0.0.0.0:0 to multicast group 230.0.0.1:6666.
[2018.10.28-23.46.06:357][  0]SourceControl: Source control is disabled
[2018.10.28-23.46.06:358][  0]SourceControl: Source control is disabled
[2018.10.28-23.46.06:430][  0]SourceControl: Source control is disabled
[2018.10.28-23.46.06:468][  0]SourceControl: Source control is disabled
[2018.10.28-23.46.08:350][  0]LogAndroidPermission: UAndroidPermissionCallbackProxy::GetInstance
[2018.10.28-23.46.08:891][  0]LogOcInput: OculusInput pre-init called
[2018.10.28-23.46.10:155][  0]LogEngine: Initializing Engine...
[2018.10.28-23.46.10:334][  0]LogHMD: Failed to initialize OpenVR with code 110
[2018.10.28-23.46.10:368][  0]LogStats: UGameplayTagsManager::ConstructGameplayTagTree: Construct from data asset -  0.000 s
[2018.10.28-23.46.10:368][  0]LogStats: UGameplayTagsManager::ConstructGameplayTagTree: GameplayTagTreeChangedEvent.Broadcast -  0.000 s
[2018.10.28-23.46.11:709][  0]LogAIModule: Creating AISystem for world Untitled
[2018.10.28-23.46.12:024][  0]LogInit: XAudio2 using 'LG FULL HD (NVIDIA High Definition Audio)' : 2 channels at 48 kHz using 32 bits per sample (channel mask 0x3)
[2018.10.28-23.46.12:126][  0]LogInit: FAudioDevice initialized.
[2018.10.28-23.46.12:595][  0]LogDerivedDataCache: Saved boot cache 0.44s 74MB C:/Users/joaod/AppData/Local/UnrealEngine/4.19/DerivedDataCache/Boot.ddc.
[2018.10.28-23.46.12:639][  0]LogInit: Texture streaming: Enabled
[2018.10.28-23.46.12:969][  0]LogEngineSessionManager: EngineSessionManager initialized
[2018.10.28-23.46.13:283][  0]LogInit: Transaction tracking system initialized
[2018.10.28-23.46.13:683][  0]BlueprintLog: New page: Editor Load
[2018.10.28-23.46.15:998][  0]LocalizationService: Localization service is disabled
[2018.10.28-23.46.16:978][  0]LogConsoleResponse: Display: 
[2018.10.28-23.46.21:289][  0]LogFileCache: Scanning file cache for directory 'E:/Work/light_dark_experiment/Dialogue_basedgame/Content/' took 0.06s
[2018.10.28-23.46.21:289][  0]LogCook: Display: Max memory allowance for cook 16384mb min free memory 0mb
[2018.10.28-23.46.21:289][  0]LogCook: Display: Mobile HDR setting 1
[2018.10.28-23.46.21:289][  0]LogGameplayTags: Display: UGameplayTagsManager::DoneAddingNativeTags. DelegateIsBound: 0
[2018.10.28-23.46.21:289][  0]LogStats: UGameplayTagsManager::ConstructGameplayTagTree: Construct from data asset -  0.000 s
[2018.10.28-23.46.21:289][  0]LogStats: UGameplayTagsManager::ConstructGameplayTagTree: GameplayTagTreeChangedEvent.Broadcast -  0.000 s
[2018.10.28-23.46.24:301][  0]SourceControl: Source control is disabled
[2018.10.28-23.46.24:332][  0]Cmd: MAP LOAD FILE="../../../../../../Work/light_dark_experiment/Dialogue_basedgame/Content/Levels/level2_sad_happy.umap" TEMPLATE=0 SHOWPROGRESS=1 FEATURELEVEL=3
[2018.10.28-23.46.24:352][  0]LightingResults: New page: Lighting Build
[2018.10.28-23.46.24:589][  0]MapCheck: New page: Map Check
[2018.10.28-23.46.24:589][  0]LightingResults: New page: Lighting Build
[2018.10.28-23.46.26:347][  0]LogUObjectGlobals: Created PersistentFrame Addr=0x00000180b0b91a00, Size=64, Default__ThirdPerson_AnimBP_C Function /Game/Mannequin/Animations/ThirdPerson_AnimBP.ThirdPerson_AnimBP_C:ExecuteUbergraph_ThirdPerson_AnimBP
[2018.10.28-23.46.26:538][  0]LogUObjectGlobals: Destroyed PersistentFrame Addr=0x00000180b0b91a00, Size=64
[2018.10.28-23.46.26:538][  0]LogUObjectGlobals: Created PersistentFrame Addr=0x00000180b0b91b00, Size=64, Default__ThirdPerson_AnimBP_C Function /Engine/Transient.REINST_ThirdPerson_AnimBP_C_0:ExecuteUbergraph_ThirdPerson_AnimBP
[2018.10.28-23.46.26:723][  0]LogUObjectGlobals: Created PersistentFrame Addr=0x00000180957e9d00, Size=72, Default__ThirdPerson_AnimBP_C Function /Game/Mannequin/Animations/ThirdPerson_AnimBP.ThirdPerson_AnimBP_C:ExecuteUbergraph_ThirdPerson_AnimBP
[2018.10.28-23.46.26:953][  0]LogUObjectGlobals: Created PersistentFrame Addr=0x00000180957a7a00, Size=488, Default__BP_DialogueManager_C Function /Game/DialogueSystem/Blueprints/BP_DialogueManager.BP_DialogueManager_C:ExecuteUbergraph_BP_DialogueManager
[2018.10.28-23.46.26:987][  0]LogUObjectGlobals: Created PersistentFrame Addr=0x00000180957a2400, Size=432, Default__Bp_MasterNPC_C Function /Game/DialogueSystem/Blueprints/AI/Bp_MasterNPC.Bp_MasterNPC_C:ExecuteUbergraph_Bp_MasterNPC
[2018.10.28-23.46.26:990][  0]LogUObjectGlobals: Created PersistentFrame Addr=0x00000180a1f97200, Size=1120, Default__ThirdPersonCharacter_C Function /Game/ThirdPersonBP/Blueprints/ThirdPersonCharacter.ThirdPersonCharacter_C:ExecuteUbergraph_ThirdPersonCharacter
[2018.10.28-23.46.27:375][  0]LogUObjectGlobals: Created PersistentFrame Addr=0x00000180957f8fd0, Size=20, Default__DecisionOption_C Function /Game/DialogueSystem/Widgets/DecisionOption.DecisionOption_C:ExecuteUbergraph_DecisionOption
[2018.10.28-23.46.27:807][  0]LogClass: Warning: Enum '/Game/DialogueSystem/Blueprints/Enums/e_DialogueSelectionTypes.e_DialogueSelectionTypes' was upgraded to use FText to store its display name data. Please re-save this asset to avoid issues with localization and determinstic cooking.
[2018.10.28-23.46.27:844][  0]LogUObjectGlobals: Destroyed PersistentFrame Addr=0x00000180957a7a00, Size=488
[2018.10.28-23.46.27:844][  0]LogUObjectGlobals: Created PersistentFrame Addr=0x0000018099b57000, Size=488, Default__BP_DialogueManager_C Function /Engine/Transient.REINST_BP_DialogueManager_C_6:ExecuteUbergraph_BP_DialogueManager
[2018.10.28-23.46.27:846][  0]LogUObjectGlobals: Destroyed PersistentFrame Addr=0x00000180957a2400, Size=432
[2018.10.28-23.46.27:846][  0]LogUObjectGlobals: Created PersistentFrame Addr=0x0000018099d2c100, Size=432, Default__Bp_MasterNPC_C Function /Engine/Transient.REINST_Bp_MasterNPC_C_7:ExecuteUbergraph_Bp_MasterNPC
[2018.10.28-23.46.27:850][  0]LogUObjectGlobals: Destroyed PersistentFrame Addr=0x00000180957f8fd0, Size=20
[2018.10.28-23.46.27:850][  0]LogUObjectGlobals: Created PersistentFrame Addr=0x000001809a8ee8d8, Size=20, Default__DecisionOption_C Function /Engine/Transient.REINST_DecisionOption_C_2:ExecuteUbergraph_DecisionOption
[2018.10.28-23.46.27:854][  0]LogUObjectGlobals: Destroyed PersistentFrame Addr=0x00000180a1f97200, Size=1120
[2018.10.28-23.46.27:854][  0]LogUObjectGlobals: Created PersistentFrame Addr=0x000001809a806b00, Size=1120, Default__ThirdPersonCharacter_C Function /Engine/Transient.REINST_ThirdPersonCharacter_C_8:ExecuteUbergraph_ThirdPersonCharacter
[2018.10.28-23.46.28:043][  0]LogUObjectGlobals: Created PersistentFrame Addr=0x000001809a3f7200, Size=496, Default__BP_DialogueManager_C Function /Game/DialogueSystem/Blueprints/BP_DialogueManager.BP_DialogueManager_C:ExecuteUbergraph_BP_DialogueManager
[2018.10.28-23.46.28:056][  0]LogUObjectGlobals: Created PersistentFrame Addr=0x000001809a435b40, Size=432, Default__Bp_MasterNPC_C Function /Game/DialogueSystem/Blueprints/AI/Bp_MasterNPC.Bp_MasterNPC_C:ExecuteUbergraph_Bp_MasterNPC
[2018.10.28-23.46.28:067][  0]LogUObjectGlobals: Created PersistentFrame Addr=0x000001809a36ee60, Size=20, Default__DecisionOption_C Function /Game/DialogueSystem/Widgets/DecisionOption.DecisionOption_C:ExecuteUbergraph_DecisionOption
[2018.10.28-23.46.28:076][  0]LogUObjectGlobals: Created PersistentFrame Addr=0x000001809a23b200, Size=1120, Default__ThirdPersonCharacter_C Function /Game/ThirdPersonBP/Blueprints/ThirdPersonCharacter.ThirdPersonCharacter_C:ExecuteUbergraph_ThirdPersonCharacter
[2018.10.28-23.46.28:215][  0]LogUObjectGlobals: Created PersistentFrame Addr=0x000001809a1deb00, Size=432, Default__Bp_CasualCitizen_C Function /Game/DialogueSystem/Blueprints/AI/Bp_MasterNPC.Bp_MasterNPC_C:ExecuteUbergraph_Bp_MasterNPC
[2018.10.28-23.46.28:235][  0]LogUObjectGlobals: Destroyed PersistentFrame Addr=0x000001809a1deb00, Size=432
[2018.10.28-23.46.28:235][  0]LogUObjectGlobals: Created PersistentFrame Addr=0x000001809a1deb00, Size=432, Default__Bp_CasualCitizen_C Function /Game/DialogueSystem/Blueprints/AI/Bp_MasterNPC.Bp_MasterNPC_C:ExecuteUbergraph_Bp_MasterNPC
[2018.10.28-23.46.28:235][  0]LogUObjectGlobals: Created PersistentFrame Addr=0x000001809a1de080, Size=432, Default__Bp_CasualCitizen_C Function /Game/DialogueSystem/Blueprints/AI/Bp_MasterNPC.Bp_MasterNPC_C:ExecuteUbergraph_Bp_MasterNPC
[2018.10.28-23.46.28:243][  0]LogUObjectGlobals: Created PersistentFrame Addr=0x000001809a23ce00, Size=496, Default__BP_NPC_happygirl_C Function /Game/DialogueSystem/Blueprints/AI/BP_NPC_happygirl.BP_NPC_happygirl_C:ExecuteUbergraph_BP_NPC_happygirl
[2018.10.28-23.46.28:243][  0]LogUObjectGlobals: Created PersistentFrame Addr=0x000001809a1ddd00, Size=432, Default__BP_NPC_happygirl_C Function /Game/DialogueSystem/Blueprints/AI/Bp_MasterNPC.Bp_MasterNPC_C:ExecuteUbergraph_Bp_MasterNPC
[2018.10.28-23.46.28:253][  0]LogUObjectGlobals: Destroyed PersistentFrame Addr=0x000001809a23ce00, Size=496
[2018.10.28-23.46.28:253][  0]LogUObjectGlobals: Destroyed PersistentFrame Addr=0x000001809a1ddd00, Size=432
[2018.10.28-23.46.28:253][  0]LogUObjectGlobals: Created PersistentFrame Addr=0x0000018099d21600, Size=496, Default__BP_NPC_happygirl_C Function /Engine/Transient.REINST_BP_NPC_happygirl_C_21:ExecuteUbergraph_BP_NPC_happygirl
[2018.10.28-23.46.28:253][  0]LogUObjectGlobals: Created PersistentFrame Addr=0x000001809a1dc9c0, Size=432, Default__BP_NPC_happygirl_C Function /Game/DialogueSystem/Blueprints/AI/Bp_MasterNPC.Bp_MasterNPC_C:ExecuteUbergraph_Bp_MasterNPC
[2018.10.28-23.46.28:282][  0]LogBlueprint: Error: [Compiler BP_NPC_happygirl] The type of  Object  is undetermined.  Connect something to  Cast To ThirdPersonCharacter  to imply a specific type.
[2018.10.28-23.46.28:283][  0]LogBlueprint: Error: [Compiler BP_NPC_happygirl] The type of  Object  is undetermined.  Connect something to  Cast To ThirdPersonCharacter  to imply a specific type.
[2018.10.28-23.46.28:283][  0]LogBlueprint: Error: [Compiler BP_NPC_happygirl] The current value of the ' Object ' pin is invalid: Unsupported type Wildcard on pin Object
[2018.10.28-23.46.28:284][  0]LogBlueprint: Error: [Compiler BP_NPC_happygirl] The current value of the ' Object ' pin is invalid: Unsupported type Wildcard on pin Object
[2018.10.28-23.46.28:285][  0]LogUObjectGlobals: Created PersistentFrame Addr=0x000001809a20de00, Size=496, Default__BP_NPC_happygirl_C Function /Game/DialogueSystem/Blueprints/AI/BP_NPC_happygirl.BP_NPC_happygirl_C:ExecuteUbergraph_BP_NPC_happygirl
[2018.10.28-23.46.28:285][  0]LogUObjectGlobals: Created PersistentFrame Addr=0x000001809a1dd0c0, Size=432, Default__BP_NPC_happygirl_C Function /Game/DialogueSystem/Blueprints/AI/Bp_MasterNPC.Bp_MasterNPC_C:ExecuteUbergraph_Bp_MasterNPC
[2018.10.28-23.46.28:288][  0]LogBlueprint: Warning: [Compiler BP_NPC_happygirl] [0176,26] Compile of BP_NPC_happygirl failed. 4 Fatal Issue(s) 0 Warning(s) [in 38 ms] (/Game/DialogueSystem/Blueprints/AI/BP_NPC_happygirl.BP_NPC_happygirl)
[2018.10.28-23.46.28:494][  0]LogUObjectGlobals: Created PersistentFrame Addr=0x0000018099c6a4e0, Size=224, Default__Dark_points_item_C Function /Game/Blueprints/Dark_points_item.Dark_points_item_C:ExecuteUbergraph_Dark_points_item
[2018.10.28-23.46.28:497][  0]LogUObjectGlobals: Destroyed PersistentFrame Addr=0x0000018099c6a4e0, Size=224
[2018.10.28-23.46.28:498][  0]LogUObjectGlobals: Created PersistentFrame Addr=0x0000018099c6a4e0, Size=224, Default__Dark_points_item_C Function /Engine/Transient.REINST_Dark_points_item_C_25:ExecuteUbergraph_Dark_points_item
[2018.10.28-23.46.28:500][  0]LogUObjectGlobals: Created PersistentFrame Addr=0x0000018099c68c60, Size=224, Default__Dark_points_item_C Function /Game/Blueprints/Dark_points_item.Dark_points_item_C:ExecuteUbergraph_Dark_points_item
[2018.10.28-23.46.28:506][  0]LogUObjectGlobals: Created PersistentFrame Addr=0x0000018099c68720, Size=224, Default__light_points_item_C Function /Game/Blueprints/light_points_item.light_points_item_C:ExecuteUbergraph_light_points_item
[2018.10.28-23.46.28:509][  0]LogUObjectGlobals: Destroyed PersistentFrame Addr=0x0000018099c68720, Size=224
[2018.10.28-23.46.28:509][  0]LogUObjectGlobals: Created PersistentFrame Addr=0x0000018099c68720, Size=224, Default__light_points_item_C Function /Engine/Transient.REINST_light_points_item_C_27:ExecuteUbergraph_light_points_item
[2018.10.28-23.46.28:511][  0]LogUObjectGlobals: Created PersistentFrame Addr=0x000001809aa2f580, Size=224, Default__light_points_item_C Function /Game/Blueprints/light_points_item.light_points_item_C:ExecuteUbergraph_light_points_item
[2018.10.28-23.46.29:454][  0]LogTexture: Display: Building textures: BarFill (BGRA8, 550X20)
[2018.10.28-23.46.29:454][  0]LogTexture: Display: Building textures: BarHandle2 (BGRA8, 5X30)
[2018.10.28-23.46.29:454][  0]LogTexture: Display: Building textures: BarDef (BGRA8, 550X20)
[2018.10.28-23.46.29:454][  0]LogTexture: Display: Building textures: ShopIcon (BGRA8, 57X57)
[2018.10.28-23.46.29:454][  0]LogTexture: Display: Building textures: OptionBorder (BGRA8, 350X45)
[2018.10.28-23.46.29:454][  0]LogTexture: Display: Building textures: SelectionArrow (BGRA8, 46X33)
[2018.10.28-23.46.29:454][  0]LogTexture: Display: Building textures: HQ_Lightmap1_1 (AutoDXT, 64X64)
[2018.10.28-23.46.29:454][  0]LogTexture: Display: Building textures: LQ_Lightmap_1_1 (DXT1, 64X64)
[2018.10.28-23.46.29:455][  0]LogDerivedDataCache: FFileSystemDerivedDataBackend: Move collision, attempt at redundant update, OK C:/Users/joaod/AppData/Local/UnrealEngine/Common/DerivedDataCache/7/2/3/TEXTURE_814DCC3DC72143F49509781513CB9855_BGRA8_AE21A22F4D67D2F8C9749E8E7005C1D__415752A1557A9DBF5DD227EF313547CD3C6018A3.udd.
[2018.10.28-23.46.29:455][  0]LogTexture: Display: Building textures: SkyOcclusion1_1 (AutoDXT, 64X32)
[2018.10.28-23.46.29:455][  0]LogTexture: Display: Building textures: LQ_Lightmap_1_2 (DXT1, 64X64)
[2018.10.28-23.46.29:455][  0]LogTexture: Display: Building textures: SkyOcclusion1_2 (AutoDXT, 64X32)
[2018.10.28-23.46.29:455][  0]LogTexture: Display: Building textures: HQ_Lightmap1_2 (AutoDXT, 64X64)
[2018.10.28-23.46.29:455][  0]LogDerivedDataCache: FFileSystemDerivedDataBackend: Move collision, attempt at redundant update, OK C:/Users/joaod/AppData/Local/UnrealEngine/Common/DerivedDataCache/8/5/4/TEXTURE_814DCC3DC72143F49509781513CB9855_AUTODXT_1F84E0794E6EA24373322994C68B8__66F94D058F2875998F72DEBFFDD4E72915BBB3A4.udd.
[2018.10.28-23.46.29:455][  0]LogTexture: Display: Building textures: ShadowMapTexture2D_3 (G8, 32X32)
[2018.10.28-23.46.29:455][  0]LogTexture: Display: Building textures: ShadowMapTexture2D_2 (G8, 64X32)
[2018.10.28-23.46.30:000][  0]LogClass: Warning: Enum '/Game/DialogueSystem/Blueprints/Enums/e_OptionCategories.e_OptionCategories' was upgraded to use FText to store its display name data. Please re-save this asset to avoid issues with localization and determinstic cooking.
[2018.10.28-23.46.30:088][  0]LogMovieScene: Warning: Legacy data detected in sequence '/Game/DialogueSystem/Widgets/DecisionDialogue (Unknown sequence)'. This will cause deterministic cooking issues. Please resave the package.
[2018.10.28-23.46.30:088][  0]LogMovieScene: Warning: Legacy data detected in sequence '/Game/DialogueSystem/Widgets/DecisionDialogue (BlendIn)'. This will cause deterministic cooking issues. Please resave the package.
[2018.10.28-23.46.30:088][  0]LogMovieScene: Warning: Legacy data detected in sequence '/Engine/Transient (Unknown sequence)'. This will cause deterministic cooking issues. Please resave the package.
[2018.10.28-23.46.30:088][  0]LogMovieScene: Warning: Legacy data detected in sequence '/Engine/Transient (BlendIn_INST)'. This will cause deterministic cooking issues. Please resave the package.
[2018.10.28-23.46.30:088][  0]LogMovieScene: Warning: Legacy data detected in sequence '/Game/DialogueSystem/Widgets/DecisionDialogue (BlendIn)'. This will cause deterministic cooking issues. Please resave the package.
[2018.10.28-23.46.30:088][  0]LogMovieScene: Warning: Legacy data detected in sequence '/Game/DialogueSystem/Widgets/DecisionDialogue (BlendIn)'. This will cause deterministic cooking issues. Please resave the package.
[2018.10.28-23.46.30:088][  0]LogMovieScene: Warning: Legacy data detected in sequence '/Game/DialogueSystem/Widgets/DecisionDialogue (BlendIn)'. This will cause deterministic cooking issues. Please resave the package.
[2018.10.28-23.46.30:088][  0]LogMovieScene: Warning: Legacy data detected in sequence '/Engine/Transient (BlendIn_INST)'. This will cause deterministic cooking issues. Please resave the package.
[2018.10.28-23.46.30:088][  0]LogMovieScene: Warning: Legacy data detected in sequence '/Engine/Transient (BlendIn_INST)'. This will cause deterministic cooking issues. Please resave the package.
[2018.10.28-23.46.30:088][  0]LogMovieScene: Warning: Legacy data detected in sequence '/Engine/Transient (BlendIn_INST)'. This will cause deterministic cooking issues. Please resave the package.
[2018.10.28-23.46.30:088][  0]LogMovieScene: Warning: Legacy data detected in sequence '/Game/DialogueSystem/Widgets/DecisionDialogue (BlendIn)'. This will cause deterministic cooking issues. Please resave the package.
[2018.10.28-23.46.30:088][  0]LogMovieScene: Warning: Legacy data detected in sequence '/Game/DialogueSystem/Widgets/DecisionDialogue (BlendIn)'. This will cause deterministic cooking issues. Please resave the package.
[2018.10.28-23.46.30:088][  0]LogMovieScene: Warning: Legacy data detected in sequence '/Game/DialogueSystem/Widgets/DecisionDialogue (BlendIn)'. This will cause deterministic cooking issues. Please resave the package.
[2018.10.28-23.46.30:088][  0]LogMovieScene: Warning: Legacy data detected in sequence '/Engine/Transient (BlendIn_INST)'. This will cause deterministic cooking issues. Please resave the package.
[2018.10.28-23.46.30:088][  0]LogMovieScene: Warning: Legacy data detected in sequence '/Engine/Transient (BlendIn_INST)'. This will cause deterministic cooking issues. Please resave the package.
[2018.10.28-23.46.30:088][  0]LogMovieScene: Warning: Legacy data detected in sequence '/Engine/Transient (BlendIn_INST)'. This will cause deterministic cooking issues. Please resave the package.
[2018.10.28-23.46.30:393][  0]LogMaterial: Missing cached shader map for material M_UE4Man_Black, compiling. 
[2018.10.28-23.46.30:698][  0]LogShaderCompilers: Display: Shaders left to compile 128
[2018.10.28-23.46.30:698][  0]LogShaderCompilers: Display: Shaders left to compile 118
[2018.10.28-23.46.30:698][  0]LogShaderCompilers: Display: Shaders left to compile 108
[2018.10.28-23.46.30:698][  0]LogShaderCompilers: Display: Shaders left to compile 98
[2018.10.28-23.46.30:698][  0]LogShaderCompilers: Display: Shaders left to compile 88
[2018.10.28-23.46.30:698][  0]LogMovieScene: Warning: Legacy data detected in sequence '/Game/DialogueSystem/Widgets/DefaultDialogue (Unknown sequence)'. This will cause deterministic cooking issues. Please resave the package.
[2018.10.28-23.46.30:698][  0]LogMovieScene: Warning: Legacy data detected in sequence '/Game/DialogueSystem/Widgets/DefaultDialogue (BlendIn)'. This will cause deterministic cooking issues. Please resave the package.
[2018.10.28-23.46.30:698][  0]LogMovieScene: Warning: Legacy data detected in sequence '/Engine/Transient (Unknown sequence)'. This will cause deterministic cooking issues. Please resave the package.
[2018.10.28-23.46.30:698][  0]LogMovieScene: Warning: Legacy data detected in sequence '/Engine/Transient (WidgetAnimation_0)'. This will cause deterministic cooking issues. Please resave the package.
[2018.10.28-23.46.30:698][  0]LogMovieScene: Warning: Legacy data detected in sequence '/Game/DialogueSystem/Widgets/DefaultDialogue (BlendIn)'. This will cause deterministic cooking issues. Please resave the package.
[2018.10.28-23.46.30:698][  0]LogMovieScene: Warning: Legacy data detected in sequence '/Game/DialogueSystem/Widgets/DefaultDialogue (BlendIn)'. This will cause deterministic cooking issues. Please resave the package.
[2018.10.28-23.46.30:698][  0]LogMovieScene: Warning: Legacy data detected in sequence '/Game/DialogueSystem/Widgets/DefaultDialogue (BlendIn)'. This will cause deterministic cooking issues. Please resave the package.
[2018.10.28-23.46.30:698][  0]LogMovieScene: Warning: Legacy data detected in sequence '/Engine/Transient (WidgetAnimation_0)'. This will cause deterministic cooking issues. Please resave the package.
[2018.10.28-23.46.30:698][  0]LogMovieScene: Warning: Legacy data detected in sequence '/Engine/Transient (WidgetAnimation_0)'. This will cause deterministic cooking issues. Please resave the package.
[2018.10.28-23.46.30:698][  0]LogMovieScene: Warning: Legacy data detected in sequence '/Engine/Transient (WidgetAnimation_0)'. This will cause deterministic cooking issues. Please resave the package.
[2018.10.28-23.46.30:698][  0]LogMovieScene: Warning: Legacy data detected in sequence '/Game/DialogueSystem/Widgets/DefaultDialogue (BlendIn)'. This will cause deterministic cooking issues. Please resave the package.
[2018.10.28-23.46.30:699][  0]LogMovieScene: Warning: Legacy data detected in sequence '/Game/DialogueSystem/Widgets/DefaultDialogue (BlendIn)'. This will cause deterministic cooking issues. Please resave the package.
[2018.10.28-23.46.30:699][  0]LogMovieScene: Warning: Legacy data detected in sequence '/Game/DialogueSystem/Widgets/DefaultDialogue (BlendIn)'. This will cause deterministic cooking issues. Please resave the package.
[2018.10.28-23.46.30:699][  0]LogMovieScene: Warning: Legacy data detected in sequence '/Engine/Transient (WidgetAnimation_0)'. This will cause deterministic cooking issues. Please resave the package.
[2018.10.28-23.46.30:699][  0]LogMovieScene: Warning: Legacy data detected in sequence '/Engine/Transient (WidgetAnimation_0)'. This will cause deterministic cooking issues. Please resave the package.
[2018.10.28-23.46.30:699][  0]LogMovieScene: Warning: Legacy data detected in sequence '/Engine/Transient (WidgetAnimation_0)'. This will cause deterministic cooking issues. Please resave the package.
[2018.10.28-23.46.30:723][  0]LogMovieScene: Warning: Legacy data detected in sequence '/Game/DialogueSystem/Widgets/MainWidget (Unknown sequence)'. This will cause deterministic cooking issues. Please resave the package.
[2018.10.28-23.46.30:723][  0]LogMovieScene: Warning: Legacy data detected in sequence '/Game/DialogueSystem/Widgets/MainWidget (FadeToBlack)'. This will cause deterministic cooking issues. Please resave the package.
[2018.10.28-23.46.30:723][  0]LogMovieScene: Warning: Legacy data detected in sequence '/Engine/Transient (Unknown sequence)'. This will cause deterministic cooking issues. Please resave the package.
[2018.10.28-23.46.30:723][  0]LogMovieScene: Warning: Legacy data detected in sequence '/Engine/Transient (FadeToBlack_INST)'. This will cause deterministic cooking issues. Please resave the package.
[2018.10.28-23.46.30:723][  0]LogMovieScene: Warning: Legacy data detected in sequence '/Game/DialogueSystem/Widgets/MainWidget (FadeToBlack)'. This will cause deterministic cooking issues. Please resave the package.
[2018.10.28-23.46.30:723][  0]LogMovieScene: Warning: Legacy data detected in sequence '/Engine/Transient (FadeToBlack_INST)'. This will cause deterministic cooking issues. Please resave the package.
[2018.10.28-23.46.30:723][  0]LogMovieScene: Warning: Legacy data detected in sequence '/Game/DialogueSystem/Widgets/MainWidget (FadeToBlack)'. This will cause deterministic cooking issues. Please resave the package.
[2018.10.28-23.46.30:723][  0]LogMovieScene: Warning: Legacy data detected in sequence '/Engine/Transient (FadeToBlack_INST)'. This will cause deterministic cooking issues. Please resave the package.
[2018.10.28-23.46.30:990][  0]LogMaterial: Missing cached shader map for material Materrial_black, compiling. 
[2018.10.28-23.46.31:037][  0]LogMaterial: Missing cached shader map for material RampMaterial, compiling. 
[2018.10.28-23.46.31:283][  0]LogSkeletalMesh: Skeletal Mesh found in DDC [222.453415ms] /Game/Mannequin/Character/Mesh/SK_Mannequin.SK_Mannequin
[2018.10.28-23.46.32:810][  0]LogAIModule: Creating AISystem for world level2_sad_happy
[2018.10.28-23.46.35:671][  0]LogMaterial: Warning: Material /Game/Geometry/Meshes/RampMaterial.RampMaterial needed to have new flag set bUsedWithSkeletalMesh !
[2018.10.28-23.46.35:732][  0]LogMaterial: Missing cached shader map for material RampMaterial, compiling. 
[2018.10.28-23.46.35:767][  0]MapCheck: Warning: RampMaterial Material /Game/Geometry/Meshes/RampMaterial.RampMaterial was missing the usage flag bUsedWithSkeletalMesh. If the material asset is not re-saved, it may not render correctly when run outside the editor. Fix
[2018.10.28-23.46.36:404][  0]LogEditorServer: Finished looking for orphan Actors (0.000 secs)
[2018.10.28-23.46.50:790][  0]LogShaderCompilers: Display: Shaders left to compile 247
[2018.10.28-23.46.50:790][  0]LogShaderCompilers: Display: Shaders left to compile 237
[2018.10.28-23.46.50:790][  0]LogShaderCompilers: Display: Shaders left to compile 227
[2018.10.28-23.46.50:790][  0]LogShaderCompilers: Display: Shaders left to compile 217
[2018.10.28-23.46.50:791][  0]LogShaderCompilers: Display: Shaders left to compile 207
[2018.10.28-23.46.50:791][  0]LogShaderCompilers: Display: Shaders left to compile 197
[2018.10.28-23.46.50:791][  0]LogShaderCompilers: Display: Shaders left to compile 187
[2018.10.28-23.46.50:791][  0]LogShaderCompilers: Display: Shaders left to compile 177
[2018.10.28-23.46.50:791][  0]LogShaderCompilers: Display: Shaders left to compile 167
[2018.10.28-23.46.50:791][  0]LogShaderCompilers: Display: Shaders left to compile 157
[2018.10.28-23.46.50:791][  0]LogUObjectGlobals: Destroyed PersistentFrame Addr=0x00000180b0b91b00, Size=64
[2018.10.28-23.46.50:812][  0]LogUObjectGlobals: Destroyed PersistentFrame Addr=0x0000018099b57000, Size=488
[2018.10.28-23.46.50:812][  0]LogUObjectGlobals: Destroyed PersistentFrame Addr=0x0000018099d2c100, Size=432
[2018.10.28-23.46.50:812][  0]LogUObjectGlobals: Destroyed PersistentFrame Addr=0x000001809a806b00, Size=1120
[2018.10.28-23.46.50:813][  0]LogUObjectGlobals: Destroyed PersistentFrame Addr=0x000001809a8ee8d8, Size=20
[2018.10.28-23.46.50:813][  0]LogUObjectGlobals: Destroyed PersistentFrame Addr=0x000001809a1deb00, Size=432
[2018.10.28-23.46.50:813][  0]LogUObjectGlobals: Destroyed PersistentFrame Addr=0x0000018099d21600, Size=496
[2018.10.28-23.46.50:813][  0]LogUObjectGlobals: Destroyed PersistentFrame Addr=0x000001809a1dc9c0, Size=432
[2018.10.28-23.46.50:814][  0]LogUObjectGlobals: Destroyed PersistentFrame Addr=0x0000018099c6a4e0, Size=224
[2018.10.28-23.46.50:814][  0]LogUObjectGlobals: Destroyed PersistentFrame Addr=0x0000018099c68720, Size=224
[2018.10.28-23.46.51:220][  0]Cmd: MAP CHECKDEP NOCLEARLOG
[2018.10.28-23.46.51:401][  0]MapCheck: Map check complete: 0 Error(s), 1 Warning(s), took 180,926ms to complete.
[2018.10.28-23.46.51:673][  0]LogFileHelpers: Loading map 'level2_sad_happy' took 27.349
[2018.10.28-23.46.53:487][  0]LogShaderCompilers: Display: Shaders left to compile 147
[2018.10.28-23.46.55:317][  0]LogShaderCompilers: Display: Shaders left to compile 137
[2018.10.28-23.46.55:317][  0]LogCollectionManager: Loaded 0 collections in 0.001809 seconds
[2018.10.28-23.46.55:552][  0]LogFileCache: Scanning file cache for directory 'E:/Work/light_dark_experiment/Dialogue_basedgame/Saved/Collections/' took 0.01s
[2018.10.28-23.46.55:552][  0]LogFileCache: Scanning file cache for directory 'E:/Work/light_dark_experiment/Dialogue_basedgame/Content/Developers/joaod/Collections/' took 0.02s
[2018.10.28-23.46.55:552][  0]LogFileCache: Scanning file cache for directory 'E:/Work/light_dark_experiment/Dialogue_basedgame/Content/Collections/' took 0.01s
[2018.10.28-23.46.55:552][  0]LogCollectionManager: Rebuilt the GUID cache for 0 collections in 0.000001 seconds
[2018.10.28-23.46.55:578][  0]LogContentBrowser: Native class hierarchy populated in 0.0247 seconds. Added 2452 classes and 558 folders.
[2018.10.28-23.46.55:818][  0]LogContentBrowser: Native class hierarchy updated for 'WidgetCarousel' in 0.0005 seconds. Added 0 classes and 0 folders.
[2018.10.28-23.46.57:220][  0]LogShaderCompilers: Display: Shaders left to compile 127
[2018.10.28-23.46.57:220][  0]LogContentBrowser: Native class hierarchy updated for 'AddContentDialog' in 0.0005 seconds. Added 0 classes and 0 folders.
[2018.10.28-23.46.57:320][  0]LogContentBrowser: Native class hierarchy updated for 'SceneOutliner' in 0.0005 seconds. Added 1 classes and 2 folders.
[2018.10.28-23.46.58:362][  0]LogSlate: Took 0.028111 seconds to synchronously load lazily loaded font '../../../Engine/Content/Slate/Fonts/Roboto-Regular.ttf' (155K)
[2018.10.28-23.46.58:441][  0]LogSlate: Took 0.033835 seconds to synchronously load lazily loaded font '../../../Engine/Content/Slate/Fonts/Roboto-Bold.ttf' (160K)
[2018.10.28-23.46.58:571][  0]LogSlate: Took 0.064622 seconds to synchronously load lazily loaded font '../../../Engine/Content/Editor/Slate/Fonts/FontAwesome.ttf' (139K)
[2018.10.28-23.46.59:515][  0]LogShaderCompilers: Display: Shaders left to compile 117
[2018.10.28-23.46.59:516][  0]LogRenderer: Reallocating scene render targets to support 1208x580 Format 10 NumSamples 1 (Frame:1).
[2018.10.28-23.47.19:545][  0]LogShaderCompilers: Display: Shaders left to compile 107
[2018.10.28-23.47.19:545][  0]LogShaderCompilers: Display: Shaders left to compile 97
[2018.10.28-23.47.19:545][  0]LogShaderCompilers: Display: Shaders left to compile 87
[2018.10.28-23.47.19:545][  0]LogShaderCompilers: Display: Shaders left to compile 77
[2018.10.28-23.47.19:545][  0]LogShaderCompilers: Display: Shaders left to compile 67
[2018.10.28-23.47.19:545][  0]LogShaderCompilers: Display: Shaders left to compile 57
[2018.10.28-23.47.19:545][  0]LogShaderCompilers: Display: Shaders left to compile 47
[2018.10.28-23.47.19:545][  0]LogShaderCompilers: Display: Shaders left to compile 37
[2018.10.28-23.47.19:545][  0]LogShaderCompilers: Display: Shaders left to compile 27
[2018.10.28-23.47.19:545][  0]LogShaderCompilers: Display: Shaders left to compile 17
[2018.10.28-23.47.19:545][  0]LogShaderCompilers: Display: Shaders left to compile 7
[2018.10.28-23.47.19:607][  0]LogContentBrowser: Native class hierarchy updated for 'HierarchicalLODOutliner' in 0.0004 seconds. Added 0 classes and 0 folders.
[2018.10.28-23.47.19:607][  0]LogLoad: (Engine Initialization) Total time: 227.58 seconds
[2018.10.28-23.47.19:607][  0]LogLoad: (Engine Initialization) Total Blueprint compile time: 0.00 seconds
[2018.10.28-23.47.20:466][  0]LogContentStreaming: Texture pool size now 1000 MB
[2018.10.28-23.47.21:627][  1]LogSlate: Took 0.016069 seconds to synchronously load lazily loaded font '../../../Engine/Content/Slate/Fonts/Roboto-Light.ttf' (167K)
[2018.10.28-23.47.22:059][  3]LogAssetRegistry: Asset discovery search completed in 191.4534 seconds
[2018.10.28-23.47.22:094][  3]LogCollectionManager: Rebuilt the object cache for 0 collections in 0.000001 seconds (found 0 objects)
[2018.10.28-23.47.22:094][  3]LogCollectionManager: Fixed up redirectors for 0 collections in 0.007050 seconds (updated 0 objects)
[2018.10.28-23.58.42:989][ 45]LogSlate: Window 'DialogueSystem - Unreal Editor' being destroyed
[2018.10.28-23.58.43:326][ 46]Cmd: QUIT_EDITOR
[2018.10.28-23.58.43:661][ 46]LogSlate: Slate User Destroyed.  User Index 0, Is Virtual User: 0
[2018.10.28-23.58.43:675][ 46]LogExit: Preparing to exit.
[2018.10.28-23.58.44:623][ 46]LogDirectoryWatcher: A directory notification for 'E:/Work/light_dark_experiment/Dialogue_basedgame/Content/' was aborted.
[2018.10.28-23.58.44:731][ 46]LogExit: Editor shut down
[2018.10.28-23.58.44:741][ 46]LogExit: Transaction tracking system shut down
[2018.10.28-23.58.44:742][ 46]LogUObjectGlobals: Destroyed PersistentFrame Addr=0x00000180957e9d00, Size=72
[2018.10.28-23.58.44:743][ 46]LogUObjectGlobals: Destroyed PersistentFrame Addr=0x000001809a3f7200, Size=496
[2018.10.28-23.58.44:743][ 46]LogUObjectGlobals: Destroyed PersistentFrame Addr=0x000001809a435b40, Size=432
[2018.10.28-23.58.44:743][ 46]LogUObjectGlobals: Destroyed PersistentFrame Addr=0x000001809a36ee60, Size=20
[2018.10.28-23.58.44:743][ 46]LogUObjectGlobals: Destroyed PersistentFrame Addr=0x000001809a23b200, Size=1120
[2018.10.28-23.58.44:743][ 46]LogUObjectGlobals: Destroyed PersistentFrame Addr=0x000001809a1de080, Size=432
[2018.10.28-23.58.44:743][ 46]LogUObjectGlobals: Destroyed PersistentFrame Addr=0x000001809a20de00, Size=496
[2018.10.28-23.58.44:743][ 46]LogUObjectGlobals: Destroyed PersistentFrame Addr=0x000001809a1dd0c0, Size=432
[2018.10.28-23.58.44:743][ 46]LogUObjectGlobals: Destroyed PersistentFrame Addr=0x0000018099c68c60, Size=224
[2018.10.28-23.58.44:743][ 46]LogUObjectGlobals: Destroyed PersistentFrame Addr=0x000001809aa2f580, Size=224
[2018.10.28-23.58.44:914][ 46]LogDirectoryWatcher: A directory notification for '../../../Engine/Content/' was aborted.
[2018.10.28-23.58.44:914][ 46]LogDirectoryWatcher: A directory notification for '../../../../../../Work/light_dark_experiment/Dialogue_basedgame/Content/' was aborted.
[2018.10.28-23.58.44:914][ 46]LogDirectoryWatcher: A directory notification for '../../Plugins/2D/Paper2D/Content/' was aborted.
[2018.10.28-23.58.44:914][ 46]LogDirectoryWatcher: A directory notification for '../../Plugins/Enterprise/DatasmithContent/Content/' was aborted.
[2018.10.28-23.58.44:914][ 46]LogDirectoryWatcher: A directory notification for '../../Plugins/Media/MediaCompositing/Content/' was aborted.
[2018.10.28-23.58.44:914][ 46]LogDirectoryWatcher: A directory notification for '../../Plugins/Runtime/AppleARKit/Content/' was aborted.
[2018.10.28-23.58.44:914][ 46]LogDirectoryWatcher: A directory notification for '../../Plugins/Runtime/Oculus/OculusVR/Content/' was aborted.
[2018.10.28-23.58.44:914][ 46]LogDirectoryWatcher: A directory notification for '../../Plugins/Runtime/Steam/SteamVR/Content/' was aborted.
[2018.10.28-23.58.46:491][ 46]LogExit: Object subsystem successfully closed.
[2018.10.28-23.58.46:676][ 46]LogShaderCompilers: Display: Shaders left to compile 0
[2018.10.28-23.58.46:703][ 46]LogD3D11RHI: Shutdown
[2018.10.28-23.58.46:703][ 46]LogD3D11RHI: CleanupD3DDevice
[2018.10.28-23.58.46:749][ 46]LogD3D11RHI: ~FD3D11DynamicRHI
[2018.10.28-23.58.47:875][ 46]LogModuleManager: Shutting down and abandoning module HierarchicalLODOutliner (574)
[2018.10.28-23.58.47:875][ 46]LogModuleManager: Shutting down and abandoning module SceneOutliner (572)
[2018.10.28-23.58.47:875][ 46]LogModuleManager: Shutting down and abandoning module AddContentDialog (570)
[2018.10.28-23.58.47:895][ 46]LogDirectoryWatcher: A directory notification for 'E:/Jogos/Epic Games/UE_4.19/FeaturePacks/' was aborted.
[2018.10.28-23.58.47:905][ 46]LogModuleManager: Shutting down and abandoning module WidgetCarousel (569)
[2018.10.28-23.58.47:905][ 46]LogModuleManager: Shutting down and abandoning module EditorWidgets (566)
[2018.10.28-23.58.47:905][ 46]LogModuleManager: Shutting down and abandoning module CollectionManager (564)
[2018.10.28-23.58.47:926][ 46]LogDirectoryWatcher: A directory notification for 'E:/Work/light_dark_experiment/Dialogue_basedgame/Content/Collections/' was aborted.
[2018.10.28-23.58.47:926][ 46]LogDirectoryWatcher: A directory notification for 'E:/Work/light_dark_experiment/Dialogue_basedgame/Content/Developers/joaod/Collections/' was aborted.
[2018.10.28-23.58.47:926][ 46]LogDirectoryWatcher: A directory notification for 'E:/Work/light_dark_experiment/Dialogue_basedgame/Saved/Collections/' was aborted.
[2018.10.28-23.58.47:926][ 46]LogModuleManager: Shutting down and abandoning module StatsViewer (562)
[2018.10.28-23.58.47:926][ 46]LogModuleManager: Shutting down and abandoning module FoliageEdit (560)
[2018.10.28-23.58.47:926][ 46]LogModuleManager: Shutting down and abandoning module LandscapeEditor (558)
[2018.10.28-23.58.47:927][ 46]LogModuleManager: Shutting down and abandoning module MeshPaintMode (556)
[2018.10.28-23.58.47:927][ 46]LogModuleManager: Shutting down and abandoning module SceneDepthPickerMode (554)
[2018.10.28-23.58.47:927][ 46]LogModuleManager: Shutting down and abandoning module ActorPickerMode (552)
[2018.10.28-23.58.47:927][ 46]LogModuleManager: Shutting down and abandoning module GeometryMode (550)
[2018.10.28-23.58.47:948][ 46]LogModuleManager: Shutting down and abandoning module TextureAlignMode (548)
[2018.10.28-23.58.47:948][ 46]LogModuleManager: Shutting down and abandoning module BspMode (546)
[2018.10.28-23.58.47:948][ 46]LogModuleManager: Shutting down and abandoning module PIEPreviewDeviceProfileSelector (544)
[2018.10.28-23.58.47:948][ 46]LogModuleManager: Shutting down and abandoning module HardwareSurvey (542)
[2018.10.28-23.58.47:948][ 46]LogModuleManager: Shutting down and abandoning module SequenceRecorderSections (540)
[2018.10.28-23.58.47:966][ 46]LogModuleManager: Shutting down and abandoning module AutomationWorker (538)
[2018.10.28-23.58.47:966][ 46]LogModuleManager: Shutting down and abandoning module AudioCaptureEditor (536)
[2018.10.28-23.58.47:966][ 46]LogModuleManager: Shutting down and abandoning module SequenceRecorder (535)
[2018.10.28-23.58.47:993][ 46]LogModuleManager: Shutting down and abandoning module MatineeToLevelSequence (532)
[2018.10.28-23.58.48:003][ 46]LogModuleManager: Shutting down and abandoning module LevelSequenceEditor (530)
[2018.10.28-23.58.48:062][ 46]LogModuleManager: Shutting down and abandoning module PlacementMode (529)
[2018.10.28-23.58.48:062][ 46]LogModuleManager: Shutting down and abandoning module MaterialEditor (528)
[2018.10.28-23.58.48:124][ 46]LogModuleManager: Shutting down and abandoning module WmfMediaFactory (524)
[2018.10.28-23.58.48:125][ 46]LogModuleManager: Shutting down and abandoning module WmfMediaEditor (522)
[2018.10.28-23.58.48:125][ 46]LogModuleManager: Shutting down and abandoning module MediaPlayerEditor (520)
[2018.10.28-23.58.48:151][ 46]LogModuleManager: Shutting down and abandoning module OpenExrWrapper (518)
[2018.10.28-23.58.48:151][ 46]LogModuleManager: Shutting down and abandoning module ImgMediaFactory (516)
[2018.10.28-23.58.48:151][ 46]LogModuleManager: Shutting down and abandoning module ImgMediaEditor (514)
[2018.10.28-23.58.48:151][ 46]LogModuleManager: Shutting down and abandoning module AvfMediaFactory (512)
[2018.10.28-23.58.48:151][ 46]LogModuleManager: Shutting down and abandoning module AvfMediaEditor (510)
[2018.10.28-23.58.48:151][ 46]LogModuleManager: Shutting down and abandoning module AndroidMediaFactory (508)
[2018.10.28-23.58.48:151][ 46]LogModuleManager: Shutting down and abandoning module AndroidMediaEditor (506)
[2018.10.28-23.58.48:151][ 46]LogModuleManager: Shutting down and abandoning module CharacterAI (504)
[2018.10.28-23.58.48:151][ 46]LogModuleManager: Shutting down and abandoning module SmartSnapping (502)
[2018.10.28-23.58.48:151][ 46]LogModuleManager: Shutting down and abandoning module SessionServices (500)
[2018.10.28-23.58.48:151][ 46]LogModuleManager: Shutting down and abandoning module ViewportSnapping (498)
[2018.10.28-23.58.48:151][ 46]LogModuleManager: Shutting down and abandoning module ViewportInteraction (496)
[2018.10.28-23.58.48:151][ 46]LogModuleManager: Shutting down and abandoning module ClothPainter (494)
[2018.10.28-23.58.48:170][ 46]LogModuleManager: Shutting down and abandoning module SkeletalMeshEditor (493)
[2018.10.28-23.58.48:205][ 46]LogModuleManager: Shutting down and abandoning module LogVisualizer (490)
[2018.10.28-23.58.48:210][ 46]LogModuleManager: Shutting down and abandoning module IntroTutorials (488)
[2018.10.28-23.58.48:275][ 46]LogModuleManager: Shutting down and abandoning module GameProjectGeneration (487)
[2018.10.28-23.58.48:300][ 46]LogModuleManager: Shutting down and abandoning module IOSPlatformEditor (484)
[2018.10.28-23.58.48:301][ 46]LogModuleManager: Shutting down and abandoning module HTML5PlatformEditor (482)
[2018.10.28-23.58.48:301][ 46]LogModuleManager: Shutting down and abandoning module AndroidPlatformEditor (480)
[2018.10.28-23.58.48:301][ 46]LogModuleManager: Shutting down and abandoning module AndroidDeviceDetection (479)
[2018.10.28-23.58.48:791][ 46]LogModuleManager: Shutting down and abandoning module WindowsPlatformEditor (476)
[2018.10.28-23.58.48:791][ 46]LogModuleManager: Shutting down and abandoning module IOSRuntimeSettings (474)
[2018.10.28-23.58.48:791][ 46]LogModuleManager: Shutting down and abandoning module AndroidRuntimeSettings (472)
[2018.10.28-23.58.48:791][ 46]LogModuleManager: Shutting down and abandoning module InputBindingEditor (470)
[2018.10.28-23.58.48:804][ 46]LogModuleManager: Shutting down and abandoning module MergeActors (468)
[2018.10.28-23.58.48:863][ 46]LogModuleManager: Shutting down and abandoning module LocalizationDashboard (466)
[2018.10.28-23.58.48:886][ 46]LogModuleManager: Shutting down and abandoning module LocalizationService (465)
[2018.10.28-23.58.48:903][ 46]LogModuleManager: Shutting down and abandoning module HardwareTargeting (462)
[2018.10.28-23.58.48:903][ 46]LogModuleManager: Shutting down and abandoning module DeviceProfileEditor (460)
[2018.10.28-23.58.48:915][ 46]LogModuleManager: Shutting down and abandoning module UndoHistory (458)
[2018.10.28-23.58.48:915][ 46]LogModuleManager: Shutting down and abandoning module XmlParser (456)
[2018.10.28-23.58.48:926][ 46]LogModuleManager: Shutting down and abandoning module Blutility (454)
[2018.10.28-23.58.48:926][ 46]LogModuleManager: Shutting down and abandoning module ProjectSettingsViewer (452)
[2018.10.28-23.58.48:926][ 46]LogModuleManager: Shutting down and abandoning module ProjectTargetPlatformEditor (451)
[2018.10.28-23.58.48:926][ 46]LogModuleManager: Shutting down and abandoning module EditorSettingsViewer (448)
[2018.10.28-23.58.48:926][ 46]LogModuleManager: Shutting down and abandoning module SettingsEditor (446)
[2018.10.28-23.58.48:978][ 46]LogModuleManager: Shutting down and abandoning module ProjectLauncher (444)
[2018.10.28-23.58.48:985][ 46]LogModuleManager: Shutting down and abandoning module SessionFrontend (442)
[2018.10.28-23.58.49:008][ 46]LogModuleManager: Shutting down and abandoning module ProfilerClient (440)
[2018.10.28-23.58.49:028][ 46]LogModuleManager: Shutting down and abandoning module DeviceManager (438)
[2018.10.28-23.58.49:037][ 46]LogModuleManager: Shutting down and abandoning module TargetDeviceServices (437)
[2018.10.28-23.58.49:105][ 46]LogModuleManager: Shutting down and abandoning module AutomationController (434)
[2018.10.28-23.58.49:116][ 46]LogModuleManager: Shutting down and abandoning module AutomationWindow (432)
[2018.10.28-23.58.49:121][ 46]LogModuleManager: Shutting down and abandoning module Layers (430)
[2018.10.28-23.58.49:144][ 46]LogModuleManager: Shutting down and abandoning module ComponentVisualizers (428)
[2018.10.28-23.58.49:144][ 46]LogModuleManager: Shutting down and abandoning module DetailCustomizations (426)
[2018.10.28-23.58.49:144][ 46]LogModuleManager: Shutting down and abandoning module PackagesDialog (424)
[2018.10.28-23.58.49:178][ 46]LogModuleManager: Shutting down and abandoning module Persona (422)
[2018.10.28-23.58.49:192][ 46]LogModuleManager: Shutting down and abandoning module AdvancedPreviewScene (421)
[2018.10.28-23.58.49:192][ 46]LogModuleManager: Shutting down and abandoning module AnimGraph (419)
[2018.10.28-23.58.49:192][ 46]LogModuleManager: Shutting down and abandoning module Kismet (416)
[2018.10.28-23.58.49:202][ 46]LogModuleManager: Shutting down and abandoning module GraphEditor (414)
[2018.10.28-23.58.49:203][ 46]LogModuleManager: Shutting down and abandoning module ClassViewer (412)
[2018.10.28-23.58.49:203][ 46]LogModuleManager: Shutting down and abandoning module Toolbox (410)
[2018.10.28-23.58.49:203][ 46]LogModuleManager: Shutting down and abandoning module ModuleUI (408)
[2018.10.28-23.58.49:216][ 46]LogModuleManager: Shutting down and abandoning module MovieSceneTools (406)
[2018.10.28-23.58.49:229][ 46]LogModuleManager: Shutting down and abandoning module OutputLog (404)
[2018.10.28-23.58.49:237][ 46]LogModuleManager: Shutting down and abandoning module GammaUI (402)
[2018.10.28-23.58.49:247][ 46]LogModuleManager: Shutting down and abandoning module Documentation (400)
[2018.10.28-23.58.49:247][ 46]LogModuleManager: Shutting down and abandoning module MovieSceneTracks (398)
[2018.10.28-23.58.49:247][ 46]LogModuleManager: Shutting down and abandoning module MovieScene (396)
[2018.10.28-23.58.49:247][ 46]LogModuleManager: Shutting down and abandoning module StreamingPauseRendering (394)
[2018.10.28-23.58.49:247][ 46]LogModuleManager: Shutting down and abandoning module LauncherPlatform (392)
[2018.10.28-23.58.49:247][ 46]LogModuleManager: Shutting down and abandoning module AnalyticsET (390)
[2018.10.28-23.58.49:247][ 46]LogModuleManager: Shutting down and abandoning module PortalServices (388)
[2018.10.28-23.58.49:247][ 46]LogModuleManager: Shutting down and abandoning module PortalRpc (386)
[2018.10.28-23.58.49:247][ 46]LogModuleManager: Shutting down and abandoning module MessagingRpc (384)
[2018.10.28-23.58.49:247][ 46]LogModuleManager: Shutting down and abandoning module AIModule (382)
[2018.10.28-23.58.49:247][ 46]LogModuleManager: Shutting down and abandoning module GameplayDebugger (381)
[2018.10.28-23.58.49:247][ 46]LogModuleManager: Shutting down and abandoning module AITestSuite (379)
[2018.10.28-23.58.49:257][ 46]LogModuleManager: Shutting down and abandoning module DesktopPlatform (376)
[2018.10.28-23.58.49:267][ 46]LogModuleManager: Shutting down and abandoning module ProfilerService (374)
[2018.10.28-23.58.49:465][ 46]LogModuleManager: Shutting down and abandoning module TaskGraph (372)
[2018.10.28-23.58.49:491][ 46]LogModuleManager: Shutting down and abandoning module SteamVRController (370)
[2018.10.28-23.58.49:491][ 46]LogModuleManager: Shutting down and abandoning module ProceduralMeshComponentEditor (368)
[2018.10.28-23.58.49:491][ 46]LogModuleManager: Shutting down and abandoning module ProceduralMeshComponent (366)
[2018.10.28-23.58.49:501][ 46]LogModuleManager: Shutting down and abandoning module OculusInput (364)
[2018.10.28-23.58.49:518][ 46]LogModuleManager: Shutting down and abandoning module MobilePatchingUtils (362)
[2018.10.28-23.58.49:518][ 46]LogModuleManager: Shutting down and abandoning module CustomMeshComponent (360)
[2018.10.28-23.58.49:518][ 46]LogModuleManager: Shutting down and abandoning module CableComponent (358)
[2018.10.28-23.58.49:531][ 46]LogModuleManager: Shutting down and abandoning module AudioCapture (356)
[2018.10.28-23.58.49:531][ 46]LogModuleManager: Shutting down and abandoning module ArchVisCharacter (354)
[2018.10.28-23.58.49:531][ 46]LogModuleManager: Shutting down and abandoning module AndroidPermission (352)
[2018.10.28-23.58.49:531][ 46]LogModuleManager: Shutting down and abandoning module NUTUnrealEngine4 (348)
[2018.10.28-23.58.49:531][ 46]LogModuleManager: Shutting down and abandoning module NetcodeUnitTest (346)
[2018.10.28-23.58.49:556][ 46]LogModuleManager: Shutting down and abandoning module MediaCompositingEditor (344)
[2018.10.28-23.58.49:556][ 46]LogModuleManager: Shutting down and abandoning module MediaCompositing (342)
[2018.10.28-23.58.49:556][ 46]LogModuleManager: Shutting down and abandoning module LinearTimecode (340)
[2018.10.28-23.58.49:556][ 46]LogModuleManager: Shutting down and abandoning module ImgMedia (338)
[2018.10.28-23.58.49:573][ 46]LogModuleManager: Shutting down and abandoning module HTML5Networking (336)
[2018.10.28-23.58.49:573][ 46]LogModuleManager: Shutting down and abandoning module AlembicImporter (334)
[2018.10.28-23.58.49:573][ 46]LogModuleManager: Shutting down and abandoning module AlembicLibrary (333)
[2018.10.28-23.58.49:573][ 46]LogModuleManager: Shutting down and abandoning module GeometryCache (332)
[2018.10.28-23.58.49:573][ 46]LogModuleManager: Shutting down and abandoning module GeometryCacheEd (331)
[2018.10.28-23.58.49:573][ 46]LogModuleManager: Shutting down and abandoning module DatasmithContent (326)
[2018.10.28-23.58.49:573][ 46]LogModuleManager: Shutting down and abandoning module SpeedTreeImporter (324)
[2018.10.28-23.58.49:573][ 46]LogModuleManager: Shutting down and abandoning module PluginBrowser (322)
[2018.10.28-23.58.49:598][ 46]LogModuleManager: Shutting down and abandoning module MobileLauncherProfileWizard (320)
[2018.10.28-23.58.49:624][ 46]LogModuleManager: Shutting down and abandoning module CryptoKeysOpenSSL (318)
[2018.10.28-23.58.49:630][ 46]LogModuleManager: Shutting down and abandoning module CryptoKeys (316)
[2018.10.28-23.58.49:630][ 46]LogModuleManager: Shutting down and abandoning module VisualStudioSourceCodeAccess (314)
[2018.10.28-23.58.49:630][ 46]LogModuleManager: Shutting down and abandoning module VisualStudioCodeSourceCodeAccess (312)
[2018.10.28-23.58.49:630][ 46]LogModuleManager: Shutting down and abandoning module UObjectPlugin (310)
[2018.10.28-23.58.49:630][ 46]LogModuleManager: Shutting down and abandoning module SubversionSourceControl (308)
[2018.10.28-23.58.49:643][ 46]LogModuleManager: Shutting down and abandoning module PerforceSourceControl (306)
[2018.10.28-23.58.49:663][ 46]LogModuleManager: Shutting down and abandoning module GitSourceControl (304)
[2018.10.28-23.58.49:686][ 46]LogModuleManager: Shutting down and abandoning module SourceControl (303)
[2018.10.28-23.58.49:723][ 46]LogModuleManager: Shutting down and abandoning module CLionSourceCodeAccess (300)
[2018.10.28-23.58.49:723][ 46]LogModuleManager: Shutting down and abandoning module LightPropagationVolumeEditor (298)
[2018.10.28-23.58.49:723][ 46]LogModuleManager: Shutting down and abandoning module PaperTiledImporter (296)
[2018.10.28-23.58.49:723][ 46]LogModuleManager: Shutting down and abandoning module PaperSpriteSheetImporter (294)
[2018.10.28-23.58.49:723][ 46]LogModuleManager: Shutting down and abandoning module Paper2DEditor (292)
[2018.10.28-23.58.49:752][ 46]LogModuleManager: Shutting down and abandoning module MeshPaint (291)
[2018.10.28-23.58.49:765][ 46]LogModuleManager: Shutting down and abandoning module RuntimePhysXCooking (288)
[2018.10.28-23.58.49:765][ 46]LogModuleManager: Shutting down and abandoning module PhysXVehiclesEditor (286)
[2018.10.28-23.58.49:765][ 46]LogModuleManager: Shutting down and abandoning module PhysXVehicles (284)
[2018.10.28-23.58.49:765][ 46]LogModuleManager: Shutting down and abandoning module OculusEditor (282)
[2018.10.28-23.58.49:765][ 46]LogModuleManager: Shutting down and abandoning module LocationServicesBPLibrary (280)
[2018.10.28-23.58.49:765][ 46]LogModuleManager: Shutting down and abandoning module ImmediatePhysicsEditor (278)
[2018.10.28-23.58.49:765][ 46]LogModuleManager: Shutting down and abandoning module ImmediatePhysics (276)
[2018.10.28-23.58.49:779][ 46]LogModuleManager: Shutting down and abandoning module ActorSequence (274)
[2018.10.28-23.58.49:779][ 46]LogModuleManager: Shutting down and abandoning module UdpMessaging (272)
[2018.10.28-23.58.49:894][ 46]LogModuleManager: Shutting down and abandoning module TcpMessaging (270)
[2018.10.28-23.58.50:011][ 46]LogModuleManager: Shutting down and abandoning module GameplayTagsEditor (268)
[2018.10.28-23.58.50:033][ 46]LogModuleManager: Shutting down and abandoning module FacialAnimationEditor (266)
[2018.10.28-23.58.50:034][ 46]LogModuleManager: Shutting down and abandoning module FacialAnimation (264)
[2018.10.28-23.58.50:034][ 46]LogModuleManager: Shutting down and abandoning module DataValidation (262)
[2018.10.28-23.58.50:045][ 46]LogModuleManager: Shutting down and abandoning module AssetManagerEditor (260)
[2018.10.28-23.58.50:061][ 46]LogModuleManager: Shutting down and abandoning module LevelEditor (259)
[2018.10.28-23.58.50:095][ 46]LogModuleManager: Shutting down and abandoning module PixelInspectorModule (258)
[2018.10.28-23.58.50:174][ 46]LogModuleManager: Shutting down and abandoning module CommonMenuExtensions (256)
[2018.10.28-23.58.50:175][ 46]LogModuleManager: Shutting down and abandoning module MainFrame (254)
[2018.10.28-23.58.50:175][ 46]LogModuleManager: Shutting down and abandoning module HotReload (253)
[2018.10.28-23.58.50:180][ 46]LogModuleManager: Shutting down and abandoning module ContentBrowser (249)
[2018.10.28-23.58.50:181][ 46]LogModuleManager: Shutting down and abandoning module TreeMap (247)
[2018.10.28-23.58.50:197][ 46]LogModuleManager: Shutting down and abandoning module LightPropagationVolumeRuntime (244)
[2018.10.28-23.58.50:197][ 46]LogModuleManager: Shutting down and abandoning module LiveLinkEditor (242)
[2018.10.28-23.58.50:219][ 46]LogModuleManager: Shutting down and abandoning module LiveLink (240)
[2018.10.28-23.58.51:003][ 46]LogModuleManager: Shutting down and abandoning module Paper2D (238)
[2018.10.28-23.58.51:024][ 46]LogModuleManager: Shutting down and abandoning module WindowsMoviePlayer (236)
[2018.10.28-23.58.51:045][ 46]LogModuleManager: Shutting down and abandoning module WmfMedia (234)
[2018.10.28-23.58.51:059][ 46]LogModuleManager: Shutting down and abandoning module Media (233)
[2018.10.28-23.58.51:065][ 46]LogModuleManager: Shutting down and abandoning module PacketHandler (230)
[2018.10.28-23.58.51:065][ 46]LogModuleManager: Shutting down and abandoning module ClothingSystemEditor (228)
[2018.10.28-23.58.51:065][ 46]LogModuleManager: Shutting down and abandoning module ClothingSystemRuntime (226)
[2018.10.28-23.58.51:088][ 46]LogModuleManager: Shutting down and abandoning module MediaAssets (224)
[2018.10.28-23.58.51:088][ 46]LogModuleManager: Shutting down and abandoning module Overlay (222)
[2018.10.28-23.58.51:088][ 46]LogModuleManager: Shutting down and abandoning module OverlayEditor (221)
[2018.10.28-23.58.51:088][ 46]LogModuleManager: Shutting down and abandoning module VREditor (218)
[2018.10.28-23.58.51:116][ 46]LogModuleManager: Shutting down and abandoning module StringTableEditor (216)
[2018.10.28-23.58.51:116][ 46]LogModuleManager: Shutting down and abandoning module GameplayTasksEditor (214)
[2018.10.28-23.58.51:116][ 46]LogModuleManager: Shutting down and abandoning module BehaviorTreeEditor (212)
[2018.10.28-23.58.51:136][ 46]LogModuleManager: Shutting down and abandoning module FunctionalTesting (210)
[2018.10.28-23.58.51:156][ 46]LogModuleManager: Shutting down and abandoning module CollisionAnalyzer (208)
[2018.10.28-23.58.51:170][ 46]LogModuleManager: Shutting down and abandoning module WorkspaceMenuStructure (207)
[2018.10.28-23.58.51:170][ 46]LogModuleManager: Shutting down and abandoning module UMG (204)
[2018.10.28-23.58.51:170][ 46]LogModuleManager: Shutting down and abandoning module UMGEditor (203)
[2018.10.28-23.58.51:196][ 46]LogModuleManager: Shutting down and abandoning module Sequencer (202)
[2018.10.28-23.58.51:213][ 46]LogModuleManager: Shutting down and abandoning module MessageLog (199)
[2018.10.28-23.58.51:213][ 46]LogModuleManager: Shutting down and abandoning module SlateReflector (194)
[2018.10.28-23.58.51:237][ 46]LogModuleManager: Shutting down and abandoning module Slate (192)
[2018.10.28-23.58.51:237][ 46]LogModuleManager: Shutting down and abandoning module EditorStyle (190)
[2018.10.28-23.58.51:239][ 46]LogModuleManager: Shutting down and abandoning module MRMesh (188)
[2018.10.28-23.58.51:239][ 46]LogModuleManager: Shutting down and abandoning module SourceCodeAccess (186)
[2018.10.28-23.58.51:239][ 46]LogModuleManager: Shutting down and abandoning module HeadMountedDisplay (184)
[2018.10.28-23.58.51:239][ 46]LogModuleManager: Shutting down and abandoning module XAudio2 (182)
[2018.10.28-23.58.51:239][ 46]LogModuleManager: Shutting down and abandoning module Networking (180)
[2018.10.28-23.58.51:239][ 46]LogModuleManager: Shutting down and abandoning module Core (178)
[2018.10.28-23.58.51:239][ 46]LogModuleManager: Shutting down and abandoning module LevelSequence (176)
[2018.10.28-23.58.51:239][ 46]LogModuleManager: Shutting down and abandoning module KismetCompiler (174)
[2018.10.28-23.58.51:239][ 46]LogModuleManager: Shutting down and abandoning module MeshUtilities (172)
[2018.10.28-23.58.51:255][ 46]LogModuleManager: Shutting down and abandoning module MeshMergeUtilities (171)
[2018.10.28-23.58.51:255][ 46]LogModuleManager: Shutting down and abandoning module MeshReductionInterface (170)
[2018.10.28-23.58.51:255][ 46]LogModuleManager: Shutting down and abandoning module SimplygonSwarm (169)
[2018.10.28-23.58.51:268][ 46]LogModuleManager: Shutting down and abandoning module SimplygonMeshReduction (167)
[2018.10.28-23.58.51:285][ 46]LogModuleManager: Shutting down and abandoning module QuadricMeshReduction (165)
[2018.10.28-23.58.51:302][ 46]LogModuleManager: Shutting down and abandoning module MaterialBaking (161)
[2018.10.28-23.58.51:319][ 46]LogModuleManager: Shutting down and abandoning module DirectoryWatcher (157)
[2018.10.28-23.58.51:320][ 46]LogModuleManager: Shutting down and abandoning module DerivedDataCache (154)
[2018.10.28-23.58.51:391][ 46]LogDerivedDataCache: Shutdown
[2018.10.28-23.58.51:391][ 46]LogModuleManager: Shutting down and abandoning module XGEController (152)
[2018.10.28-23.58.51:391][ 46]LogXGEController: Cleaning working directory: C:/Users/joaod/AppData/Local/Temp/UnrealXGEWorkingDir/
[2018.10.28-23.58.51:391][ 46]LogModuleManager: Shutting down and abandoning module TargetPlatform (150)
[2018.10.28-23.58.51:391][ 46]LogModuleManager: Shutting down and abandoning module VulkanShaderFormat (149)
[2018.10.28-23.58.51:404][ 46]LogModuleManager: Shutting down and abandoning module ShaderFormatVectorVM (147)
[2018.10.28-23.58.51:418][ 46]LogModuleManager: Shutting down and abandoning module ShaderFormatOpenGL (145)
[2018.10.28-23.58.51:437][ 46]LogModuleManager: Shutting down and abandoning module ShaderFormatD3D (143)
[2018.10.28-23.58.51:453][ 46]LogModuleManager: Shutting down and abandoning module MetalShaderFormat (141)
[2018.10.28-23.58.51:481][ 46]LogModuleManager: Shutting down and abandoning module TextureFormatUncompressed (139)
[2018.10.28-23.58.51:482][ 46]LogModuleManager: Shutting down and abandoning module TextureFormatPVR (137)
[2018.10.28-23.58.51:482][ 46]LogModuleManager: Shutting down and abandoning module TextureFormatDXT (135)
[2018.10.28-23.58.51:482][ 46]LogModuleManager: Shutting down and abandoning module TextureFormatIntelISPCTexComp (133)
[2018.10.28-23.58.51:497][ 46]LogModuleManager: Shutting down and abandoning module TextureFormatASTC (131)
[2018.10.28-23.58.51:497][ 46]LogModuleManager: Shutting down and abandoning module ImageWrapper (130)
[2018.10.28-23.58.51:497][ 46]LogModuleManager: Shutting down and abandoning module TextureFormatAndroid (127)
[2018.10.28-23.58.51:497][ 46]LogModuleManager: Shutting down and abandoning module AudioFormatOpus (125)
[2018.10.28-23.58.51:497][ 46]LogModuleManager: Shutting down and abandoning module AudioFormatOgg (123)
[2018.10.28-23.58.51:497][ 46]LogModuleManager: Shutting down and abandoning module AudioFormatADPCM (121)
[2018.10.28-23.58.51:497][ 46]LogModuleManager: Shutting down and abandoning module LinuxTargetPlatform (119)
[2018.10.28-23.58.51:497][ 46]LogModuleManager: Shutting down and abandoning module LinuxServerTargetPlatform (117)
[2018.10.28-23.58.51:497][ 46]LogModuleManager: Shutting down and abandoning module LinuxNoEditorTargetPlatform (115)
[2018.10.28-23.58.51:497][ 46]LogModuleManager: Shutting down and abandoning module LinuxClientTargetPlatform (113)
[2018.10.28-23.58.51:497][ 46]LogModuleManager: Shutting down and abandoning module TVOSTargetPlatform (111)
[2018.10.28-23.58.51:497][ 46]LogModuleManager: Shutting down and abandoning module Messaging (109)
[2018.10.28-23.58.51:497][ 46]LogModuleManager: Shutting down and abandoning module IOSTargetPlatform (107)
[2018.10.28-23.58.51:497][ 46]LogModuleManager: Shutting down and abandoning module HTML5TargetPlatform (105)
[2018.10.28-23.58.51:497][ 46]LogModuleManager: Shutting down and abandoning module AndroidTargetPlatform (103)
[2018.10.28-23.58.51:497][ 46]LogModuleManager: Shutting down and abandoning module Android_PVRTCTargetPlatform (101)
[2018.10.28-23.58.51:497][ 46]LogModuleManager: Shutting down and abandoning module Android_MultiTargetPlatform (99)
[2018.10.28-23.58.51:497][ 46]LogModuleManager: Shutting down and abandoning module Android_ETC2TargetPlatform (97)
[2018.10.28-23.58.51:497][ 46]LogModuleManager: Shutting down and abandoning module Android_ETC1TargetPlatform (95)
[2018.10.28-23.58.51:497][ 46]LogModuleManager: Shutting down and abandoning module Android_ETC1aTargetPlatform (93)
[2018.10.28-23.58.51:498][ 46]LogModuleManager: Shutting down and abandoning module Android_DXTTargetPlatform (91)
[2018.10.28-23.58.51:498][ 46]LogModuleManager: Shutting down and abandoning module Android_ATCTargetPlatform (89)
[2018.10.28-23.58.51:498][ 46]LogModuleManager: Shutting down and abandoning module Android_ASTCTargetPlatform (87)
[2018.10.28-23.58.51:498][ 46]LogModuleManager: Shutting down and abandoning module WindowsTargetPlatform (85)
[2018.10.28-23.58.51:498][ 46]LogModuleManager: Shutting down and abandoning module WindowsServerTargetPlatform (83)
[2018.10.28-23.58.51:498][ 46]LogModuleManager: Shutting down and abandoning module WindowsNoEditorTargetPlatform (81)
[2018.10.28-23.58.51:498][ 46]LogModuleManager: Shutting down and abandoning module WindowsClientTargetPlatform (79)
[2018.10.28-23.58.51:498][ 46]LogModuleManager: Shutting down and abandoning module MacTargetPlatform (77)
[2018.10.28-23.58.51:498][ 46]LogModuleManager: Shutting down and abandoning module MacServerTargetPlatform (75)
[2018.10.28-23.58.51:498][ 46]LogModuleManager: Shutting down and abandoning module MacNoEditorTargetPlatform (73)
[2018.10.28-23.58.51:498][ 46]LogModuleManager: Shutting down and abandoning module MacClientTargetPlatform (71)
[2018.10.28-23.58.51:498][ 46]LogModuleManager: Shutting down and abandoning module AllDesktopTargetPlatform (69)
[2018.10.28-23.58.51:498][ 46]LogModuleManager: Shutting down and abandoning module InputCore (66)
[2018.10.28-23.58.51:498][ 46]LogModuleManager: Shutting down and abandoning module Settings (64)
[2018.10.28-23.58.51:498][ 46]LogModuleManager: Shutting down and abandoning module PhysXCooking (62)
[2018.10.28-23.58.51:498][ 46]LogModuleManager: Shutting down and abandoning module SteamVR (60)
[2018.10.28-23.58.51:498][ 46]LogModuleManager: Shutting down and abandoning module OculusHMD (58)
[2018.10.28-23.58.51:520][ 46]LogModuleManager: Shutting down and abandoning module ExampleDeviceProfileSelector (56)
[2018.10.28-23.58.51:520][ 46]LogModuleManager: Shutting down and abandoning module AppleARKit (54)
[2018.10.28-23.58.51:520][ 46]LogModuleManager: Shutting down and abandoning module AugmentedReality (51)
[2018.10.28-23.58.51:520][ 46]LogModuleManager: Shutting down and abandoning module OnlineBlueprintSupport (48)
[2018.10.28-23.58.51:520][ 46]LogModuleManager: Shutting down and abandoning module OnlineSubsystem (44)
[2018.10.28-23.58.51:558][ 46]LogModuleManager: Shutting down and abandoning module XMPP (43)
[2018.10.28-23.58.51:589][ 46]LogModuleManager: Shutting down and abandoning module HTTP (41)
[2018.10.28-23.58.51:606][ 46]LogHttp: Display: Http module shutting down, but needs to wait on 1 outstanding Http requests:
[2018.10.28-23.58.51:606][ 46]LogHttp: Display: 	verb=[POST] url=[https://datarouter.ol.epicgames.com/datarouter/api/v1/public/data?SessionID=%7B2511DADD-4837-A3A0-18BA-55A50D0E7506%7D&AppID=UEEditor.Rocket.Release&AppVersion=4.19.2-4033788%2B%2B%2BUE4%2BRelease-4.19&UserID=1fc9fa1f4da6d47d4c44b9981dc36b28%7Ca764f53f728f4a56878c84148b3770ac%7Cd97e11e5-2047-428e-8e96-f6d2b06f34ea&AppEnvironment=datacollector-binary&UploadType=eteventstream] status=Processing
[2018.10.28-23.58.51:622][ 46]LogModuleManager: Shutting down and abandoning module SSL (40)
[2018.10.28-23.58.51:649][ 46]LogModuleManager: Shutting down and abandoning module AnimationModifiers (36)
[2018.10.28-23.58.51:664][ 46]LogModuleManager: Shutting down and abandoning module PropertyEditor (35)
[2018.10.28-23.58.51:684][ 46]LogModuleManager: Shutting down and abandoning module AudioEditor (32)
[2018.10.28-23.58.51:712][ 46]LogModuleManager: Shutting down and abandoning module TextureCompressor (30)
[2018.10.28-23.58.51:712][ 46]LogModuleManager: Shutting down and abandoning module ShaderCore (28)
[2018.10.28-23.58.51:712][ 46]LogModuleManager: Shutting down and abandoning module Landscape (26)
[2018.10.28-23.58.51:712][ 46]LogModuleManager: Shutting down and abandoning module SlateRHIRenderer (24)
[2018.10.28-23.58.51:722][ 46]LogModuleManager: Shutting down and abandoning module OpenGLDrv (22)
[2018.10.28-23.58.51:746][ 46]LogModuleManager: Shutting down and abandoning module D3D11RHI (20)
[2018.10.28-23.58.51:746][ 46]LogModuleManager: Shutting down and abandoning module AnimGraphRuntime (18)
[2018.10.28-23.58.51:746][ 46]LogModuleManager: Shutting down and abandoning module Renderer (16)
[2018.10.28-23.58.51:746][ 46]LogModuleManager: Shutting down and abandoning module Engine (14)
[2018.10.28-23.58.51:746][ 46]LogModuleManager: Shutting down and abandoning module CoreUObject (12)
[2018.10.28-23.58.51:746][ 46]LogModuleManager: Shutting down and abandoning module NetworkFile (10)
[2018.10.28-23.58.51:761][ 46]LogModuleManager: Shutting down and abandoning module CookedIterativeFile (8)
[2018.10.28-23.58.51:761][ 46]LogModuleManager: Shutting down and abandoning module StreamingFile (6)
[2018.10.28-23.58.51:774][ 46]LogModuleManager: Shutting down and abandoning module SandboxFile (4)
[2018.10.28-23.58.51:788][ 46]LogModuleManager: Shutting down and abandoning module PakFile (2)
[2018.10.28-23.58.51:830][ 46]LogExit: Exiting.
[2018.10.28-23.58.51:847][ 46]Log file closed, 10/28/18 23:58:51
